2023-09-19 02:09:11.996282: I tensorflow/core/platform/cpu_feature_guard.cc:182] This TensorFlow binary is optimized to use available CPU instructions in performance-critical operations.
To enable the following instructions: FMA, in other operations, rebuild TensorFlow with the appropriate compiler flags.
/usr/lib/python3.11/site-packages/h5py/__init__.py:36: UserWarning: h5py is running against HDF5 1.14.2 when it was built against 1.14.1, this may cause problems
  _warn(("h5py is running against HDF5 {0} when it was built against {1}, "
2023-09-19 02:09:14.075528: I tensorflow/compiler/xla/stream_executor/cuda/cuda_gpu_executor.cc:995] successful NUMA node read from SysFS had negative value (-1), but there must be at least one NUMA node, so returning NUMA node zero. See more at https://github.com/torvalds/linux/blob/v6.0/Documentation/ABI/testing/sysfs-bus-pci#L344-L355
2023-09-19 02:09:14.090663: I tensorflow/compiler/xla/stream_executor/cuda/cuda_gpu_executor.cc:995] successful NUMA node read from SysFS had negative value (-1), but there must be at least one NUMA node, so returning NUMA node zero. See more at https://github.com/torvalds/linux/blob/v6.0/Documentation/ABI/testing/sysfs-bus-pci#L344-L355
2023-09-19 02:09:14.090849: I tensorflow/compiler/xla/stream_executor/cuda/cuda_gpu_executor.cc:995] successful NUMA node read from SysFS had negative value (-1), but there must be at least one NUMA node, so returning NUMA node zero. See more at https://github.com/torvalds/linux/blob/v6.0/Documentation/ABI/testing/sysfs-bus-pci#L344-L355
2023-09-19 02:09:14.092965: I tensorflow/compiler/xla/stream_executor/cuda/cuda_gpu_executor.cc:995] successful NUMA node read from SysFS had negative value (-1), but there must be at least one NUMA node, so returning NUMA node zero. See more at https://github.com/torvalds/linux/blob/v6.0/Documentation/ABI/testing/sysfs-bus-pci#L344-L355
2023-09-19 02:09:14.093170: I tensorflow/compiler/xla/stream_executor/cuda/cuda_gpu_executor.cc:995] successful NUMA node read from SysFS had negative value (-1), but there must be at least one NUMA node, so returning NUMA node zero. See more at https://github.com/torvalds/linux/blob/v6.0/Documentation/ABI/testing/sysfs-bus-pci#L344-L355
2023-09-19 02:09:14.093354: I tensorflow/compiler/xla/stream_executor/cuda/cuda_gpu_executor.cc:995] successful NUMA node read from SysFS had negative value (-1), but there must be at least one NUMA node, so returning NUMA node zero. See more at https://github.com/torvalds/linux/blob/v6.0/Documentation/ABI/testing/sysfs-bus-pci#L344-L355
2023-09-19 02:09:14.142891: I tensorflow/compiler/xla/stream_executor/cuda/cuda_gpu_executor.cc:995] successful NUMA node read from SysFS had negative value (-1), but there must be at least one NUMA node, so returning NUMA node zero. See more at https://github.com/torvalds/linux/blob/v6.0/Documentation/ABI/testing/sysfs-bus-pci#L344-L355
2023-09-19 02:09:14.143086: I tensorflow/compiler/xla/stream_executor/cuda/cuda_gpu_executor.cc:995] successful NUMA node read from SysFS had negative value (-1), but there must be at least one NUMA node, so returning NUMA node zero. See more at https://github.com/torvalds/linux/blob/v6.0/Documentation/ABI/testing/sysfs-bus-pci#L344-L355
2023-09-19 02:09:14.143246: I tensorflow/compiler/xla/stream_executor/cuda/cuda_gpu_executor.cc:995] successful NUMA node read from SysFS had negative value (-1), but there must be at least one NUMA node, so returning NUMA node zero. See more at https://github.com/torvalds/linux/blob/v6.0/Documentation/ABI/testing/sysfs-bus-pci#L344-L355
2023-09-19 02:09:14.143377: I tensorflow/core/common_runtime/gpu/gpu_device.cc:1639] Created device /job:localhost/replica:0/task:0/device:GPU:0 with 5365 MB memory:  -> device: 0, name: NVIDIA GeForce RTX 3070 Ti, pci bus id: 0000:2b:00.0, compute capability: 8.6
2023-09-19 02:09:14.143635: I tensorflow/core/common_runtime/process_util.cc:146] Creating new thread pool with default inter op setting: 2. Tune using inter_op_parallelism_threads for best performance.

  0%|          | 0/1000 [00:00<?, ?it/s]2023-09-19 02:09:14.293891: I tensorflow/compiler/xla/stream_executor/cuda/cuda_dnn.cc:432] Loaded cuDNN version 8902
2023-09-19 02:09:14.543867: I tensorflow/compiler/xla/stream_executor/cuda/cuda_blas.cc:606] TensorFloat-32 will be used for the matrix multiplication. This will only be logged once.

  0%|          | 1/1000 [00:00<14:12,  1.17it/s]
  0%|          | 3/1000 [00:00<04:18,  3.86it/s]
  0%|          | 5/1000 [00:01<02:32,  6.54it/s]
  1%|          | 7/1000 [00:01<01:49,  9.06it/s]
  1%|          | 9/1000 [00:01<01:27, 11.31it/s]
Step 9; Cost => 1.0063, acc => 0:   1%|          | 9/1000 [00:01<01:27, 11.31it/s]
Step 9; Cost => 1.0063, acc => 0:   1%|          | 9/1000 [00:01<01:27, 11.31it/s]
Step 9; Cost => 1.0063, acc => 0:   1%|          | 11/1000 [00:01<01:14, 13.22it/s]
Step 9; Cost => 1.0063, acc => 0:   1%|▏         | 13/1000 [00:01<01:06, 14.76it/s]
Step 9; Cost => 1.0063, acc => 0:   2%|▏         | 15/1000 [00:01<01:01, 15.93it/s]
Step 9; Cost => 1.0063, acc => 0:   2%|▏         | 17/1000 [00:01<00:58, 16.86it/s]
Step 9; Cost => 1.0063, acc => 0:   2%|▏         | 19/1000 [00:01<00:56, 17.40it/s]
Step 19; Cost => 0.5662, acc => 0:   2%|▏         | 19/1000 [00:01<00:56, 17.40it/s]
Step 19; Cost => 0.5662, acc => 0:   2%|▏         | 19/1000 [00:01<00:56, 17.40it/s]
Step 19; Cost => 0.5662, acc => 0:   2%|▏         | 21/1000 [00:01<00:54, 17.87it/s]
Step 19; Cost => 0.5662, acc => 0:   2%|▏         | 23/1000 [00:02<00:53, 18.15it/s]
Step 19; Cost => 0.5662, acc => 0:   2%|▎         | 25/1000 [00:02<00:53, 18.35it/s]
Step 19; Cost => 0.5662, acc => 0:   3%|▎         | 27/1000 [00:02<00:52, 18.44it/s]
Step 19; Cost => 0.5662, acc => 0:   3%|▎         | 29/1000 [00:02<00:52, 18.60it/s]
Step 29; Cost => 0.4555, acc => 0:   3%|▎         | 29/1000 [00:02<00:52, 18.60it/s]
Step 29; Cost => 0.4555, acc => 0:   3%|▎         | 29/1000 [00:02<00:52, 18.60it/s]
Step 29; Cost => 0.4555, acc => 0:   3%|▎         | 31/1000 [00:02<00:51, 18.69it/s]
Step 29; Cost => 0.4555, acc => 0:   3%|▎         | 33/1000 [00:02<00:51, 18.73it/s]
Step 29; Cost => 0.4555, acc => 0:   4%|▎         | 35/1000 [00:02<00:51, 18.73it/s]
Step 29; Cost => 0.4555, acc => 0:   4%|▎         | 37/1000 [00:02<00:51, 18.78it/s]
Step 29; Cost => 0.4555, acc => 0:   4%|▍         | 39/1000 [00:02<00:51, 18.82it/s]
Step 39; Cost => 0.2884, acc => 0:   4%|▍         | 39/1000 [00:02<00:51, 18.82it/s]
Step 39; Cost => 0.2884, acc => 0:   4%|▍         | 39/1000 [00:02<00:51, 18.82it/s]
Step 39; Cost => 0.2884, acc => 0:   4%|▍         | 41/1000 [00:02<00:50, 18.92it/s]
Step 39; Cost => 0.2884, acc => 0:   4%|▍         | 43/1000 [00:03<00:50, 18.98it/s]
Step 39; Cost => 0.2884, acc => 0:   4%|▍         | 45/1000 [00:03<00:50, 19.00it/s]
Step 39; Cost => 0.2884, acc => 0:   5%|▍         | 47/1000 [00:03<00:50, 19.04it/s]
Step 39; Cost => 0.2884, acc => 0:   5%|▍         | 49/1000 [00:03<00:49, 19.08it/s]
Step 49; Cost => 0.3120, acc => 0:   5%|▍         | 49/1000 [00:03<00:49, 19.08it/s]
Step 49; Cost => 0.3120, acc => 0:   5%|▍         | 49/1000 [00:03<00:49, 19.08it/s]
Step 49; Cost => 0.3120, acc => 0:   5%|▌         | 51/1000 [00:03<00:49, 19.09it/s]
Step 49; Cost => 0.3120, acc => 0:   5%|▌         | 53/1000 [00:03<00:49, 19.08it/s]
Step 49; Cost => 0.3120, acc => 0:   6%|▌         | 55/1000 [00:03<00:49, 19.09it/s]
Step 49; Cost => 0.3120, acc => 0:   6%|▌         | 57/1000 [00:03<00:49, 19.11it/s]
Step 49; Cost => 0.3120, acc => 0:   6%|▌         | 59/1000 [00:03<00:49, 19.12it/s]
Step 59; Cost => 0.1584, acc => 0:   6%|▌         | 59/1000 [00:03<00:49, 19.12it/s]
Step 59; Cost => 0.1584, acc => 0:   6%|▌         | 59/1000 [00:03<00:49, 19.12it/s]
Step 59; Cost => 0.1584, acc => 0:   6%|▌         | 61/1000 [00:04<00:49, 18.96it/s]
Step 59; Cost => 0.1584, acc => 0:   6%|▋         | 63/1000 [00:04<00:49, 18.96it/s]
Step 59; Cost => 0.1584, acc => 0:   6%|▋         | 65/1000 [00:04<00:49, 18.98it/s]
Step 59; Cost => 0.1584, acc => 0:   7%|▋         | 67/1000 [00:04<00:49, 19.02it/s]
Step 59; Cost => 0.1584, acc => 0:   7%|▋         | 69/1000 [00:04<00:49, 18.89it/s]
Step 69; Cost => 0.1471, acc => 0:   7%|▋         | 69/1000 [00:04<00:49, 18.89it/s]
Step 69; Cost => 0.1471, acc => 0:   7%|▋         | 69/1000 [00:04<00:49, 18.89it/s]
Step 69; Cost => 0.1471, acc => 0:   7%|▋         | 71/1000 [00:04<00:49, 18.81it/s]
Step 69; Cost => 0.1471, acc => 0:   7%|▋         | 73/1000 [00:04<00:49, 18.66it/s]
Step 69; Cost => 0.1471, acc => 0:   8%|▊         | 75/1000 [00:04<00:49, 18.66it/s]
Step 69; Cost => 0.1471, acc => 0:   8%|▊         | 77/1000 [00:04<00:49, 18.69it/s]
Step 69; Cost => 0.1471, acc => 0:   8%|▊         | 79/1000 [00:04<00:49, 18.64it/s]
Step 79; Cost => 0.2187, acc => 0:   8%|▊         | 79/1000 [00:05<00:49, 18.64it/s]
Step 79; Cost => 0.2187, acc => 0:   8%|▊         | 79/1000 [00:05<00:49, 18.64it/s]
Step 79; Cost => 0.2187, acc => 0:   8%|▊         | 81/1000 [00:05<00:49, 18.64it/s]
Step 79; Cost => 0.2187, acc => 0:   8%|▊         | 83/1000 [00:05<00:49, 18.70it/s]
Step 79; Cost => 0.2187, acc => 0:   8%|▊         | 85/1000 [00:05<00:49, 18.52it/s]
Step 79; Cost => 0.2187, acc => 0:   9%|▊         | 87/1000 [00:05<00:49, 18.62it/s]
Step 79; Cost => 0.2187, acc => 0:   9%|▉         | 89/1000 [00:05<00:48, 18.70it/s]
Step 89; Cost => 0.0764, acc => 0:   9%|▉         | 89/1000 [00:05<00:48, 18.70it/s]
Step 89; Cost => 0.0764, acc => 0:   9%|▉         | 89/1000 [00:05<00:48, 18.70it/s]
Step 89; Cost => 0.0764, acc => 0:   9%|▉         | 91/1000 [00:05<00:48, 18.62it/s]
Step 89; Cost => 0.0764, acc => 0:   9%|▉         | 93/1000 [00:05<00:48, 18.85it/s]
Step 89; Cost => 0.0764, acc => 0:  10%|▉         | 95/1000 [00:05<00:47, 18.96it/s]
Step 89; Cost => 0.0764, acc => 0:  10%|▉         | 97/1000 [00:05<00:47, 19.01it/s]
Step 89; Cost => 0.0764, acc => 0:  10%|▉         | 99/1000 [00:06<00:47, 19.11it/s]
Step 99; Cost => 0.0926, acc => 97.69999694824219:  10%|▉         | 99/1000 [00:06<00:47, 19.11it/s]
Step 99; Cost => 0.0926, acc => 97.69999694824219:  10%|▉         | 99/1000 [00:06<00:47, 19.11it/s]
Step 99; Cost => 0.0926, acc => 97.69999694824219:  10%|█         | 101/1000 [00:06<01:35,  9.38it/s]
Step 99; Cost => 0.0926, acc => 97.69999694824219:  10%|█         | 103/1000 [00:06<01:20, 11.08it/s]
Step 99; Cost => 0.0926, acc => 97.69999694824219:  10%|█         | 105/1000 [00:06<01:10, 12.77it/s]
Step 99; Cost => 0.0926, acc => 97.69999694824219:  11%|█         | 107/1000 [00:06<01:02, 14.23it/s]
Step 99; Cost => 0.0926, acc => 97.69999694824219:  11%|█         | 109/1000 [00:06<00:58, 15.31it/s]
Step 109; Cost => 0.0928, acc => 97.69999694824219:  11%|█         | 109/1000 [00:06<00:58, 15.31it/s]
Step 109; Cost => 0.0928, acc => 97.69999694824219:  11%|█         | 109/1000 [00:06<00:58, 15.31it/s]
Step 109; Cost => 0.0928, acc => 97.69999694824219:  11%|█         | 111/1000 [00:07<00:54, 16.35it/s]
Step 109; Cost => 0.0928, acc => 97.69999694824219:  11%|█▏        | 113/1000 [00:07<00:51, 17.16it/s]
Step 109; Cost => 0.0928, acc => 97.69999694824219:  12%|█▏        | 115/1000 [00:07<00:50, 17.67it/s]
Step 109; Cost => 0.0928, acc => 97.69999694824219:  12%|█▏        | 117/1000 [00:07<00:48, 18.11it/s]
Step 109; Cost => 0.0928, acc => 97.69999694824219:  12%|█▏        | 119/1000 [00:07<00:47, 18.47it/s]
Step 119; Cost => 0.0947, acc => 97.69999694824219:  12%|█▏        | 119/1000 [00:07<00:47, 18.47it/s]
Step 119; Cost => 0.0947, acc => 97.69999694824219:  12%|█▏        | 119/1000 [00:07<00:47, 18.47it/s]
Step 119; Cost => 0.0947, acc => 97.69999694824219:  12%|█▏        | 121/1000 [00:07<00:47, 18.56it/s]
Step 119; Cost => 0.0947, acc => 97.69999694824219:  12%|█▏        | 123/1000 [00:07<00:46, 18.74it/s]
Step 119; Cost => 0.0947, acc => 97.69999694824219:  12%|█▎        | 125/1000 [00:07<00:46, 18.91it/s]
Step 119; Cost => 0.0947, acc => 97.69999694824219:  13%|█▎        | 127/1000 [00:07<00:46, 18.88it/s]
Step 119; Cost => 0.0947, acc => 97.69999694824219:  13%|█▎        | 129/1000 [00:07<00:46, 18.93it/s]
Step 129; Cost => 0.0552, acc => 97.69999694824219:  13%|█▎        | 129/1000 [00:08<00:46, 18.93it/s]
Step 129; Cost => 0.0552, acc => 97.69999694824219:  13%|█▎        | 129/1000 [00:08<00:46, 18.93it/s]
Step 129; Cost => 0.0552, acc => 97.69999694824219:  13%|█▎        | 131/1000 [00:08<00:45, 18.95it/s]
Step 129; Cost => 0.0552, acc => 97.69999694824219:  13%|█▎        | 133/1000 [00:08<00:45, 18.99it/s]
Step 129; Cost => 0.0552, acc => 97.69999694824219:  14%|█▎        | 135/1000 [00:08<00:46, 18.80it/s]
Step 129; Cost => 0.0552, acc => 97.69999694824219:  14%|█▎        | 137/1000 [00:08<00:45, 18.98it/s]
Step 129; Cost => 0.0552, acc => 97.69999694824219:  14%|█▍        | 139/1000 [00:08<00:45, 19.01it/s]
Step 139; Cost => 0.1089, acc => 97.69999694824219:  14%|█▍        | 139/1000 [00:08<00:45, 19.01it/s]
Step 139; Cost => 0.1089, acc => 97.69999694824219:  14%|█▍        | 139/1000 [00:08<00:45, 19.01it/s]
Step 139; Cost => 0.1089, acc => 97.69999694824219:  14%|█▍        | 141/1000 [00:08<00:45, 19.05it/s]
Step 139; Cost => 0.1089, acc => 97.69999694824219:  14%|█▍        | 143/1000 [00:08<00:44, 19.07it/s]
Step 139; Cost => 0.1089, acc => 97.69999694824219:  14%|█▍        | 145/1000 [00:08<00:44, 19.09it/s]
Step 139; Cost => 0.1089, acc => 97.69999694824219:  15%|█▍        | 147/1000 [00:08<00:44, 19.09it/s]
Step 139; Cost => 0.1089, acc => 97.69999694824219:  15%|█▍        | 149/1000 [00:09<00:44, 19.09it/s]
Step 149; Cost => 0.0851, acc => 97.69999694824219:  15%|█▍        | 149/1000 [00:09<00:44, 19.09it/s]
Step 149; Cost => 0.0851, acc => 97.69999694824219:  15%|█▍        | 149/1000 [00:09<00:44, 19.09it/s]
Step 149; Cost => 0.0851, acc => 97.69999694824219:  15%|█▌        | 151/1000 [00:09<00:44, 18.96it/s]
Step 149; Cost => 0.0851, acc => 97.69999694824219:  15%|█▌        | 153/1000 [00:09<00:44, 19.05it/s]
Step 149; Cost => 0.0851, acc => 97.69999694824219:  16%|█▌        | 155/1000 [00:09<00:44, 19.07it/s]
Step 149; Cost => 0.0851, acc => 97.69999694824219:  16%|█▌        | 157/1000 [00:09<00:44, 19.08it/s]
Step 149; Cost => 0.0851, acc => 97.69999694824219:  16%|█▌        | 159/1000 [00:09<00:44, 19.10it/s]
Step 159; Cost => 0.0782, acc => 97.69999694824219:  16%|█▌        | 159/1000 [00:09<00:44, 19.10it/s]
Step 159; Cost => 0.0782, acc => 97.69999694824219:  16%|█▌        | 159/1000 [00:09<00:44, 19.10it/s]
Step 159; Cost => 0.0782, acc => 97.69999694824219:  16%|█▌        | 161/1000 [00:09<00:43, 19.10it/s]
Step 159; Cost => 0.0782, acc => 97.69999694824219:  16%|█▋        | 163/1000 [00:09<00:43, 19.11it/s]
Step 159; Cost => 0.0782, acc => 97.69999694824219:  16%|█▋        | 165/1000 [00:09<00:43, 19.13it/s]
Step 159; Cost => 0.0782, acc => 97.69999694824219:  17%|█▋        | 167/1000 [00:09<00:43, 19.15it/s]
Step 159; Cost => 0.0782, acc => 97.69999694824219:  17%|█▋        | 169/1000 [00:10<00:43, 19.09it/s]
Step 169; Cost => 0.0539, acc => 97.69999694824219:  17%|█▋        | 169/1000 [00:10<00:43, 19.09it/s]
Step 169; Cost => 0.0539, acc => 97.69999694824219:  17%|█▋        | 169/1000 [00:10<00:43, 19.09it/s]
Step 169; Cost => 0.0539, acc => 97.69999694824219:  17%|█▋        | 171/1000 [00:10<00:43, 18.96it/s]
Step 169; Cost => 0.0539, acc => 97.69999694824219:  17%|█▋        | 173/1000 [00:10<00:43, 18.88it/s]
Step 169; Cost => 0.0539, acc => 97.69999694824219:  18%|█▊        | 175/1000 [00:10<00:43, 18.91it/s]
Step 169; Cost => 0.0539, acc => 97.69999694824219:  18%|█▊        | 177/1000 [00:10<00:43, 18.90it/s]
Step 169; Cost => 0.0539, acc => 97.69999694824219:  18%|█▊        | 179/1000 [00:10<00:43, 18.97it/s]
Step 179; Cost => 0.1603, acc => 97.69999694824219:  18%|█▊        | 179/1000 [00:10<00:43, 18.97it/s]
Step 179; Cost => 0.1603, acc => 97.69999694824219:  18%|█▊        | 179/1000 [00:10<00:43, 18.97it/s]
Step 179; Cost => 0.1603, acc => 97.69999694824219:  18%|█▊        | 181/1000 [00:10<00:43, 19.00it/s]
Step 179; Cost => 0.1603, acc => 97.69999694824219:  18%|█▊        | 183/1000 [00:10<00:42, 19.05it/s]
Step 179; Cost => 0.1603, acc => 97.69999694824219:  18%|█▊        | 185/1000 [00:10<00:42, 19.10it/s]
Step 179; Cost => 0.1603, acc => 97.69999694824219:  19%|█▊        | 187/1000 [00:10<00:42, 19.13it/s]
Step 179; Cost => 0.1603, acc => 97.69999694824219:  19%|█▉        | 189/1000 [00:11<00:42, 19.16it/s]
Step 189; Cost => 0.0306, acc => 97.69999694824219:  19%|█▉        | 189/1000 [00:11<00:42, 19.16it/s]
Step 189; Cost => 0.0306, acc => 97.69999694824219:  19%|█▉        | 189/1000 [00:11<00:42, 19.16it/s]
Step 189; Cost => 0.0306, acc => 97.69999694824219:  19%|█▉        | 191/1000 [00:11<00:42, 19.10it/s]
Step 189; Cost => 0.0306, acc => 97.69999694824219:  19%|█▉        | 193/1000 [00:11<00:42, 19.11it/s]
Step 189; Cost => 0.0306, acc => 97.69999694824219:  20%|█▉        | 195/1000 [00:11<00:42, 19.12it/s]
Step 189; Cost => 0.0306, acc => 97.69999694824219:  20%|█▉        | 197/1000 [00:11<00:41, 19.17it/s]
Step 189; Cost => 0.0306, acc => 97.69999694824219:  20%|█▉        | 199/1000 [00:11<00:41, 19.15it/s]
Step 199; Cost => 0.0409, acc => 98.5999984741211:  20%|█▉        | 199/1000 [00:11<00:41, 19.15it/s] 
Step 199; Cost => 0.0409, acc => 98.5999984741211:  20%|█▉        | 199/1000 [00:11<00:41, 19.15it/s]
Step 199; Cost => 0.0409, acc => 98.5999984741211:  20%|██        | 201/1000 [00:11<00:43, 18.25it/s]
Step 199; Cost => 0.0409, acc => 98.5999984741211:  20%|██        | 203/1000 [00:11<00:42, 18.62it/s]
Step 199; Cost => 0.0409, acc => 98.5999984741211:  20%|██        | 205/1000 [00:11<00:42, 18.75it/s]
Step 199; Cost => 0.0409, acc => 98.5999984741211:  21%|██        | 207/1000 [00:12<00:42, 18.83it/s]
Step 199; Cost => 0.0409, acc => 98.5999984741211:  21%|██        | 209/1000 [00:12<00:41, 18.92it/s]
Step 209; Cost => 0.0543, acc => 98.5999984741211:  21%|██        | 209/1000 [00:12<00:41, 18.92it/s]
Step 209; Cost => 0.0543, acc => 98.5999984741211:  21%|██        | 209/1000 [00:12<00:41, 18.92it/s]
Step 209; Cost => 0.0543, acc => 98.5999984741211:  21%|██        | 211/1000 [00:12<00:41, 18.95it/s]
Step 209; Cost => 0.0543, acc => 98.5999984741211:  21%|██▏       | 213/1000 [00:12<00:41, 19.00it/s]
Step 209; Cost => 0.0543, acc => 98.5999984741211:  22%|██▏       | 215/1000 [00:12<00:41, 19.10it/s]
Step 209; Cost => 0.0543, acc => 98.5999984741211:  22%|██▏       | 217/1000 [00:12<00:40, 19.13it/s]
Step 209; Cost => 0.0543, acc => 98.5999984741211:  22%|██▏       | 219/1000 [00:12<00:40, 19.11it/s]
Step 219; Cost => 0.0629, acc => 98.5999984741211:  22%|██▏       | 219/1000 [00:12<00:40, 19.11it/s]
Step 219; Cost => 0.0629, acc => 98.5999984741211:  22%|██▏       | 219/1000 [00:12<00:40, 19.11it/s]
Step 219; Cost => 0.0629, acc => 98.5999984741211:  22%|██▏       | 221/1000 [00:12<00:40, 19.08it/s]
Step 219; Cost => 0.0629, acc => 98.5999984741211:  22%|██▏       | 223/1000 [00:12<00:41, 18.92it/s]
Step 219; Cost => 0.0629, acc => 98.5999984741211:  22%|██▎       | 225/1000 [00:13<00:40, 19.03it/s]
Step 219; Cost => 0.0629, acc => 98.5999984741211:  23%|██▎       | 227/1000 [00:13<00:40, 19.07it/s]
Step 219; Cost => 0.0629, acc => 98.5999984741211:  23%|██▎       | 229/1000 [00:13<00:40, 19.05it/s]
Step 229; Cost => 0.0350, acc => 98.5999984741211:  23%|██▎       | 229/1000 [00:13<00:40, 19.05it/s]
Step 229; Cost => 0.0350, acc => 98.5999984741211:  23%|██▎       | 229/1000 [00:13<00:40, 19.05it/s]
Step 229; Cost => 0.0350, acc => 98.5999984741211:  23%|██▎       | 231/1000 [00:13<00:40, 19.03it/s]
Step 229; Cost => 0.0350, acc => 98.5999984741211:  23%|██▎       | 233/1000 [00:13<00:40, 19.06it/s]
Step 229; Cost => 0.0350, acc => 98.5999984741211:  24%|██▎       | 235/1000 [00:13<00:40, 19.06it/s]
Step 229; Cost => 0.0350, acc => 98.5999984741211:  24%|██▎       | 237/1000 [00:13<00:40, 18.96it/s]
Step 229; Cost => 0.0350, acc => 98.5999984741211:  24%|██▍       | 239/1000 [00:13<00:39, 19.04it/s]
Step 239; Cost => 0.0605, acc => 98.5999984741211:  24%|██▍       | 239/1000 [00:13<00:39, 19.04it/s]
Step 239; Cost => 0.0605, acc => 98.5999984741211:  24%|██▍       | 239/1000 [00:13<00:39, 19.04it/s]
Step 239; Cost => 0.0605, acc => 98.5999984741211:  24%|██▍       | 241/1000 [00:13<00:39, 19.02it/s]
Step 239; Cost => 0.0605, acc => 98.5999984741211:  24%|██▍       | 243/1000 [00:13<00:39, 19.06it/s]
Step 239; Cost => 0.0605, acc => 98.5999984741211:  24%|██▍       | 245/1000 [00:14<00:39, 19.09it/s]
Step 239; Cost => 0.0605, acc => 98.5999984741211:  25%|██▍       | 247/1000 [00:14<00:39, 19.12it/s]
Step 239; Cost => 0.0605, acc => 98.5999984741211:  25%|██▍       | 249/1000 [00:14<00:39, 19.12it/s]
Step 249; Cost => 0.1252, acc => 98.5999984741211:  25%|██▍       | 249/1000 [00:14<00:39, 19.12it/s]
Step 249; Cost => 0.1252, acc => 98.5999984741211:  25%|██▍       | 249/1000 [00:14<00:39, 19.12it/s]
Step 249; Cost => 0.1252, acc => 98.5999984741211:  25%|██▌       | 251/1000 [00:14<00:39, 19.12it/s]
Step 249; Cost => 0.1252, acc => 98.5999984741211:  25%|██▌       | 253/1000 [00:14<00:39, 19.07it/s]
Step 249; Cost => 0.1252, acc => 98.5999984741211:  26%|██▌       | 255/1000 [00:14<00:39, 19.08it/s]
Step 249; Cost => 0.1252, acc => 98.5999984741211:  26%|██▌       | 257/1000 [00:14<00:39, 19.00it/s]
Step 249; Cost => 0.1252, acc => 98.5999984741211:  26%|██▌       | 259/1000 [00:14<00:38, 19.20it/s]
Step 259; Cost => 0.1034, acc => 98.5999984741211:  26%|██▌       | 259/1000 [00:14<00:38, 19.20it/s]
Step 259; Cost => 0.1034, acc => 98.5999984741211:  26%|██▌       | 259/1000 [00:14<00:38, 19.20it/s]
Step 259; Cost => 0.1034, acc => 98.5999984741211:  26%|██▌       | 261/1000 [00:14<00:38, 18.97it/s]
Step 259; Cost => 0.1034, acc => 98.5999984741211:  26%|██▋       | 263/1000 [00:14<00:38, 19.07it/s]
Step 259; Cost => 0.1034, acc => 98.5999984741211:  26%|██▋       | 265/1000 [00:15<00:38, 19.10it/s]
Step 259; Cost => 0.1034, acc => 98.5999984741211:  27%|██▋       | 267/1000 [00:15<00:38, 19.04it/s]
Step 259; Cost => 0.1034, acc => 98.5999984741211:  27%|██▋       | 269/1000 [00:15<00:38, 18.90it/s]
Step 269; Cost => 0.0286, acc => 98.5999984741211:  27%|██▋       | 269/1000 [00:15<00:38, 18.90it/s]
Step 269; Cost => 0.0286, acc => 98.5999984741211:  27%|██▋       | 269/1000 [00:15<00:38, 18.90it/s]
Step 269; Cost => 0.0286, acc => 98.5999984741211:  27%|██▋       | 271/1000 [00:15<00:38, 18.88it/s]
Step 269; Cost => 0.0286, acc => 98.5999984741211:  27%|██▋       | 273/1000 [00:15<00:38, 18.79it/s]
Step 269; Cost => 0.0286, acc => 98.5999984741211:  28%|██▊       | 275/1000 [00:15<00:38, 18.89it/s]
Step 269; Cost => 0.0286, acc => 98.5999984741211:  28%|██▊       | 277/1000 [00:15<00:38, 18.98it/s]
Step 269; Cost => 0.0286, acc => 98.5999984741211:  28%|██▊       | 279/1000 [00:15<00:38, 18.94it/s]
Step 279; Cost => 0.0951, acc => 98.5999984741211:  28%|██▊       | 279/1000 [00:15<00:38, 18.94it/s]
Step 279; Cost => 0.0951, acc => 98.5999984741211:  28%|██▊       | 279/1000 [00:15<00:38, 18.94it/s]
Step 279; Cost => 0.0951, acc => 98.5999984741211:  28%|██▊       | 281/1000 [00:15<00:37, 19.00it/s]
Step 279; Cost => 0.0951, acc => 98.5999984741211:  28%|██▊       | 283/1000 [00:16<00:37, 19.07it/s]
Step 279; Cost => 0.0951, acc => 98.5999984741211:  28%|██▊       | 285/1000 [00:16<00:37, 19.07it/s]
Step 279; Cost => 0.0951, acc => 98.5999984741211:  29%|██▊       | 287/1000 [00:16<00:37, 19.11it/s]
Step 279; Cost => 0.0951, acc => 98.5999984741211:  29%|██▉       | 289/1000 [00:16<00:37, 19.08it/s]
Step 289; Cost => 0.0452, acc => 98.5999984741211:  29%|██▉       | 289/1000 [00:16<00:37, 19.08it/s]
Step 289; Cost => 0.0452, acc => 98.5999984741211:  29%|██▉       | 289/1000 [00:16<00:37, 19.08it/s]
Step 289; Cost => 0.0452, acc => 98.5999984741211:  29%|██▉       | 291/1000 [00:16<00:37, 19.09it/s]
Step 289; Cost => 0.0452, acc => 98.5999984741211:  29%|██▉       | 293/1000 [00:16<00:37, 19.06it/s]
Step 289; Cost => 0.0452, acc => 98.5999984741211:  30%|██▉       | 295/1000 [00:16<00:37, 18.97it/s]
Step 289; Cost => 0.0452, acc => 98.5999984741211:  30%|██▉       | 297/1000 [00:16<00:36, 19.02it/s]
Step 289; Cost => 0.0452, acc => 98.5999984741211:  30%|██▉       | 299/1000 [00:16<00:36, 19.05it/s]
Step 299; Cost => 0.0209, acc => 97.5999984741211:  30%|██▉       | 299/1000 [00:16<00:36, 19.05it/s]
Step 299; Cost => 0.0209, acc => 97.5999984741211:  30%|██▉       | 299/1000 [00:16<00:36, 19.05it/s]
Step 299; Cost => 0.0209, acc => 97.5999984741211:  30%|███       | 301/1000 [00:17<00:38, 18.21it/s]
Step 299; Cost => 0.0209, acc => 97.5999984741211:  30%|███       | 303/1000 [00:17<00:37, 18.60it/s]
Step 299; Cost => 0.0209, acc => 97.5999984741211:  30%|███       | 305/1000 [00:17<00:37, 18.74it/s]
Step 299; Cost => 0.0209, acc => 97.5999984741211:  31%|███       | 307/1000 [00:17<00:36, 18.89it/s]
Step 299; Cost => 0.0209, acc => 97.5999984741211:  31%|███       | 309/1000 [00:17<00:36, 18.96it/s]
Step 309; Cost => 0.0377, acc => 97.5999984741211:  31%|███       | 309/1000 [00:17<00:36, 18.96it/s]
Step 309; Cost => 0.0377, acc => 97.5999984741211:  31%|███       | 309/1000 [00:17<00:36, 18.96it/s]
Step 309; Cost => 0.0377, acc => 97.5999984741211:  31%|███       | 311/1000 [00:17<00:36, 18.99it/s]
Step 309; Cost => 0.0377, acc => 97.5999984741211:  31%|███▏      | 313/1000 [00:17<00:36, 18.99it/s]
Step 309; Cost => 0.0377, acc => 97.5999984741211:  32%|███▏      | 315/1000 [00:17<00:36, 19.01it/s]
Step 309; Cost => 0.0377, acc => 97.5999984741211:  32%|███▏      | 317/1000 [00:17<00:36, 18.89it/s]
Step 309; Cost => 0.0377, acc => 97.5999984741211:  32%|███▏      | 319/1000 [00:17<00:35, 18.95it/s]
Step 319; Cost => 0.0164, acc => 97.5999984741211:  32%|███▏      | 319/1000 [00:18<00:35, 18.95it/s]
Step 319; Cost => 0.0164, acc => 97.5999984741211:  32%|███▏      | 319/1000 [00:18<00:35, 18.95it/s]
Step 319; Cost => 0.0164, acc => 97.5999984741211:  32%|███▏      | 321/1000 [00:18<00:35, 18.95it/s]
Step 319; Cost => 0.0164, acc => 97.5999984741211:  32%|███▏      | 323/1000 [00:18<00:35, 19.02it/s]
Step 319; Cost => 0.0164, acc => 97.5999984741211:  32%|███▎      | 325/1000 [00:18<00:35, 18.93it/s]
Step 319; Cost => 0.0164, acc => 97.5999984741211:  33%|███▎      | 327/1000 [00:18<00:35, 18.97it/s]
Step 319; Cost => 0.0164, acc => 97.5999984741211:  33%|███▎      | 329/1000 [00:18<00:35, 18.96it/s]
Step 329; Cost => 0.0167, acc => 97.5999984741211:  33%|███▎      | 329/1000 [00:18<00:35, 18.96it/s]
Step 329; Cost => 0.0167, acc => 97.5999984741211:  33%|███▎      | 329/1000 [00:18<00:35, 18.96it/s]
Step 329; Cost => 0.0167, acc => 97.5999984741211:  33%|███▎      | 331/1000 [00:18<00:35, 19.05it/s]
Step 329; Cost => 0.0167, acc => 97.5999984741211:  33%|███▎      | 333/1000 [00:18<00:34, 19.07it/s]
Step 329; Cost => 0.0167, acc => 97.5999984741211:  34%|███▎      | 335/1000 [00:18<00:34, 19.08it/s]
Step 329; Cost => 0.0167, acc => 97.5999984741211:  34%|███▎      | 337/1000 [00:18<00:34, 19.12it/s]
Step 329; Cost => 0.0167, acc => 97.5999984741211:  34%|███▍      | 339/1000 [00:19<00:34, 19.17it/s]
Step 339; Cost => 0.0284, acc => 97.5999984741211:  34%|███▍      | 339/1000 [00:19<00:34, 19.17it/s]
Step 339; Cost => 0.0284, acc => 97.5999984741211:  34%|███▍      | 339/1000 [00:19<00:34, 19.17it/s]
Step 339; Cost => 0.0284, acc => 97.5999984741211:  34%|███▍      | 341/1000 [00:19<00:34, 19.13it/s]
Step 339; Cost => 0.0284, acc => 97.5999984741211:  34%|███▍      | 343/1000 [00:19<00:34, 19.20it/s]
Step 339; Cost => 0.0284, acc => 97.5999984741211:  34%|███▍      | 345/1000 [00:19<00:34, 19.21it/s]
Step 339; Cost => 0.0284, acc => 97.5999984741211:  35%|███▍      | 347/1000 [00:19<00:34, 19.13it/s]
Step 339; Cost => 0.0284, acc => 97.5999984741211:  35%|███▍      | 349/1000 [00:19<00:33, 19.21it/s]
Step 349; Cost => 0.0206, acc => 97.5999984741211:  35%|███▍      | 349/1000 [00:19<00:33, 19.21it/s]
Step 349; Cost => 0.0206, acc => 97.5999984741211:  35%|███▍      | 349/1000 [00:19<00:33, 19.21it/s]
Step 349; Cost => 0.0206, acc => 97.5999984741211:  35%|███▌      | 351/1000 [00:19<00:33, 19.15it/s]
Step 349; Cost => 0.0206, acc => 97.5999984741211:  35%|███▌      | 353/1000 [00:19<00:33, 19.16it/s]
Step 349; Cost => 0.0206, acc => 97.5999984741211:  36%|███▌      | 355/1000 [00:19<00:33, 19.18it/s]
Step 349; Cost => 0.0206, acc => 97.5999984741211:  36%|███▌      | 357/1000 [00:19<00:33, 19.20it/s]
Step 349; Cost => 0.0206, acc => 97.5999984741211:  36%|███▌      | 359/1000 [00:20<00:33, 19.22it/s]
Step 359; Cost => 0.0393, acc => 97.5999984741211:  36%|███▌      | 359/1000 [00:20<00:33, 19.22it/s]
Step 359; Cost => 0.0393, acc => 97.5999984741211:  36%|███▌      | 359/1000 [00:20<00:33, 19.22it/s]
Step 359; Cost => 0.0393, acc => 97.5999984741211:  36%|███▌      | 361/1000 [00:20<00:33, 19.22it/s]
Step 359; Cost => 0.0393, acc => 97.5999984741211:  36%|███▋      | 363/1000 [00:20<00:33, 19.22it/s]
Step 359; Cost => 0.0393, acc => 97.5999984741211:  36%|███▋      | 365/1000 [00:20<00:33, 19.13it/s]
Step 359; Cost => 0.0393, acc => 97.5999984741211:  37%|███▋      | 367/1000 [00:20<00:32, 19.22it/s]
Step 359; Cost => 0.0393, acc => 97.5999984741211:  37%|███▋      | 369/1000 [00:20<00:33, 19.12it/s]
Step 369; Cost => 0.0476, acc => 97.5999984741211:  37%|███▋      | 369/1000 [00:20<00:33, 19.12it/s]
Step 369; Cost => 0.0476, acc => 97.5999984741211:  37%|███▋      | 369/1000 [00:20<00:33, 19.12it/s]
Step 369; Cost => 0.0476, acc => 97.5999984741211:  37%|███▋      | 371/1000 [00:20<00:32, 19.20it/s]
Step 369; Cost => 0.0476, acc => 97.5999984741211:  37%|███▋      | 373/1000 [00:20<00:33, 18.97it/s]
Step 369; Cost => 0.0476, acc => 97.5999984741211:  38%|███▊      | 375/1000 [00:20<00:32, 19.08it/s]
Step 369; Cost => 0.0476, acc => 97.5999984741211:  38%|███▊      | 377/1000 [00:20<00:32, 19.12it/s]
Step 369; Cost => 0.0476, acc => 97.5999984741211:  38%|███▊      | 379/1000 [00:21<00:32, 19.14it/s]
Step 379; Cost => 0.0904, acc => 97.5999984741211:  38%|███▊      | 379/1000 [00:21<00:32, 19.14it/s]
Step 379; Cost => 0.0904, acc => 97.5999984741211:  38%|███▊      | 379/1000 [00:21<00:32, 19.14it/s]
Step 379; Cost => 0.0904, acc => 97.5999984741211:  38%|███▊      | 381/1000 [00:21<00:32, 19.17it/s]
Step 379; Cost => 0.0904, acc => 97.5999984741211:  38%|███▊      | 383/1000 [00:21<00:32, 19.22it/s]
Step 379; Cost => 0.0904, acc => 97.5999984741211:  38%|███▊      | 385/1000 [00:21<00:31, 19.25it/s]
Step 379; Cost => 0.0904, acc => 97.5999984741211:  39%|███▊      | 387/1000 [00:21<00:31, 19.24it/s]
Step 379; Cost => 0.0904, acc => 97.5999984741211:  39%|███▉      | 389/1000 [00:21<00:31, 19.23it/s]
Step 389; Cost => 0.0669, acc => 97.5999984741211:  39%|███▉      | 389/1000 [00:21<00:31, 19.23it/s]
Step 389; Cost => 0.0669, acc => 97.5999984741211:  39%|███▉      | 389/1000 [00:21<00:31, 19.23it/s]
Step 389; Cost => 0.0669, acc => 97.5999984741211:  39%|███▉      | 391/1000 [00:21<00:31, 19.22it/s]
Step 389; Cost => 0.0669, acc => 97.5999984741211:  39%|███▉      | 393/1000 [00:21<00:31, 19.26it/s]
Step 389; Cost => 0.0669, acc => 97.5999984741211:  40%|███▉      | 395/1000 [00:21<00:31, 19.28it/s]
Step 389; Cost => 0.0669, acc => 97.5999984741211:  40%|███▉      | 397/1000 [00:22<00:31, 19.26it/s]
Step 389; Cost => 0.0669, acc => 97.5999984741211:  40%|███▉      | 399/1000 [00:22<00:31, 19.20it/s]
Step 399; Cost => 0.0457, acc => 98.0:  40%|███▉      | 399/1000 [00:22<00:31, 19.20it/s]            
Step 399; Cost => 0.0457, acc => 98.0:  40%|███▉      | 399/1000 [00:22<00:31, 19.20it/s]
Step 399; Cost => 0.0457, acc => 98.0:  40%|████      | 401/1000 [00:22<00:32, 18.37it/s]
Step 399; Cost => 0.0457, acc => 98.0:  40%|████      | 403/1000 [00:22<00:31, 18.66it/s]
Step 399; Cost => 0.0457, acc => 98.0:  40%|████      | 405/1000 [00:22<00:31, 18.80it/s]
Step 399; Cost => 0.0457, acc => 98.0:  41%|████      | 407/1000 [00:22<00:31, 18.87it/s]
Step 399; Cost => 0.0457, acc => 98.0:  41%|████      | 409/1000 [00:22<00:31, 18.96it/s]
Step 409; Cost => 0.0363, acc => 98.0:  41%|████      | 409/1000 [00:22<00:31, 18.96it/s]
Step 409; Cost => 0.0363, acc => 98.0:  41%|████      | 409/1000 [00:22<00:31, 18.96it/s]
Step 409; Cost => 0.0363, acc => 98.0:  41%|████      | 411/1000 [00:22<00:30, 19.04it/s]
Step 409; Cost => 0.0363, acc => 98.0:  41%|████▏     | 413/1000 [00:22<00:30, 19.06it/s]
Step 409; Cost => 0.0363, acc => 98.0:  42%|████▏     | 415/1000 [00:22<00:30, 19.09it/s]
Step 409; Cost => 0.0363, acc => 98.0:  42%|████▏     | 417/1000 [00:23<00:30, 19.10it/s]
Step 409; Cost => 0.0363, acc => 98.0:  42%|████▏     | 419/1000 [00:23<00:30, 19.14it/s]
Step 419; Cost => 0.0749, acc => 98.0:  42%|████▏     | 419/1000 [00:23<00:30, 19.14it/s]
Step 419; Cost => 0.0749, acc => 98.0:  42%|████▏     | 419/1000 [00:23<00:30, 19.14it/s]
Step 419; Cost => 0.0749, acc => 98.0:  42%|████▏     | 421/1000 [00:23<00:30, 19.15it/s]
Step 419; Cost => 0.0749, acc => 98.0:  42%|████▏     | 423/1000 [00:23<00:30, 19.14it/s]
Step 419; Cost => 0.0749, acc => 98.0:  42%|████▎     | 425/1000 [00:23<00:30, 19.03it/s]
Step 419; Cost => 0.0749, acc => 98.0:  43%|████▎     | 427/1000 [00:23<00:30, 19.05it/s]
Step 419; Cost => 0.0749, acc => 98.0:  43%|████▎     | 429/1000 [00:23<00:29, 19.10it/s]
Step 429; Cost => 0.0193, acc => 98.0:  43%|████▎     | 429/1000 [00:23<00:29, 19.10it/s]
Step 429; Cost => 0.0193, acc => 98.0:  43%|████▎     | 429/1000 [00:23<00:29, 19.10it/s]
Step 429; Cost => 0.0193, acc => 98.0:  43%|████▎     | 431/1000 [00:23<00:29, 19.13it/s]
Step 429; Cost => 0.0193, acc => 98.0:  43%|████▎     | 433/1000 [00:23<00:29, 19.16it/s]
Step 429; Cost => 0.0193, acc => 98.0:  44%|████▎     | 435/1000 [00:24<00:29, 19.15it/s]
Step 429; Cost => 0.0193, acc => 98.0:  44%|████▎     | 437/1000 [00:24<00:29, 19.18it/s]
Step 429; Cost => 0.0193, acc => 98.0:  44%|████▍     | 439/1000 [00:24<00:29, 19.20it/s]
Step 439; Cost => 0.0509, acc => 98.0:  44%|████▍     | 439/1000 [00:24<00:29, 19.20it/s]
Step 439; Cost => 0.0509, acc => 98.0:  44%|████▍     | 439/1000 [00:24<00:29, 19.20it/s]
Step 439; Cost => 0.0509, acc => 98.0:  44%|████▍     | 441/1000 [00:24<00:29, 19.18it/s]
Step 439; Cost => 0.0509, acc => 98.0:  44%|████▍     | 443/1000 [00:24<00:29, 19.19it/s]
Step 439; Cost => 0.0509, acc => 98.0:  44%|████▍     | 445/1000 [00:24<00:28, 19.20it/s]
Step 439; Cost => 0.0509, acc => 98.0:  45%|████▍     | 447/1000 [00:24<00:28, 19.21it/s]
Step 439; Cost => 0.0509, acc => 98.0:  45%|████▍     | 449/1000 [00:24<00:28, 19.20it/s]
Step 449; Cost => 0.0291, acc => 98.0:  45%|████▍     | 449/1000 [00:24<00:28, 19.20it/s]
Step 449; Cost => 0.0291, acc => 98.0:  45%|████▍     | 449/1000 [00:24<00:28, 19.20it/s]
Step 449; Cost => 0.0291, acc => 98.0:  45%|████▌     | 451/1000 [00:24<00:28, 19.15it/s]
Step 449; Cost => 0.0291, acc => 98.0:  45%|████▌     | 453/1000 [00:24<00:28, 19.20it/s]
Step 449; Cost => 0.0291, acc => 98.0:  46%|████▌     | 455/1000 [00:25<00:28, 19.17it/s]
Step 449; Cost => 0.0291, acc => 98.0:  46%|████▌     | 457/1000 [00:25<00:28, 19.15it/s]
Step 449; Cost => 0.0291, acc => 98.0:  46%|████▌     | 459/1000 [00:25<00:28, 19.07it/s]
Step 459; Cost => 0.0206, acc => 98.0:  46%|████▌     | 459/1000 [00:25<00:28, 19.07it/s]
Step 459; Cost => 0.0206, acc => 98.0:  46%|████▌     | 459/1000 [00:25<00:28, 19.07it/s]
Step 459; Cost => 0.0206, acc => 98.0:  46%|████▌     | 461/1000 [00:25<00:28, 19.03it/s]
Step 459; Cost => 0.0206, acc => 98.0:  46%|████▋     | 463/1000 [00:25<00:28, 19.06it/s]
Step 459; Cost => 0.0206, acc => 98.0:  46%|████▋     | 465/1000 [00:25<00:28, 19.05it/s]
Step 459; Cost => 0.0206, acc => 98.0:  47%|████▋     | 467/1000 [00:25<00:27, 19.05it/s]
Step 459; Cost => 0.0206, acc => 98.0:  47%|████▋     | 469/1000 [00:25<00:27, 19.07it/s]
Step 469; Cost => 0.0331, acc => 98.0:  47%|████▋     | 469/1000 [00:25<00:27, 19.07it/s]
Step 469; Cost => 0.0331, acc => 98.0:  47%|████▋     | 469/1000 [00:25<00:27, 19.07it/s]
Step 469; Cost => 0.0331, acc => 98.0:  47%|████▋     | 471/1000 [00:25<00:27, 19.07it/s]
Step 469; Cost => 0.0331, acc => 98.0:  47%|████▋     | 473/1000 [00:26<00:27, 19.08it/s]
Step 469; Cost => 0.0331, acc => 98.0:  48%|████▊     | 475/1000 [00:26<00:27, 19.07it/s]
Step 469; Cost => 0.0331, acc => 98.0:  48%|████▊     | 477/1000 [00:26<00:27, 18.96it/s]
Step 469; Cost => 0.0331, acc => 98.0:  48%|████▊     | 479/1000 [00:26<00:27, 19.10it/s]
Step 479; Cost => 0.0520, acc => 98.0:  48%|████▊     | 479/1000 [00:26<00:27, 19.10it/s]
Step 479; Cost => 0.0520, acc => 98.0:  48%|████▊     | 479/1000 [00:26<00:27, 19.10it/s]
Step 479; Cost => 0.0520, acc => 98.0:  48%|████▊     | 481/1000 [00:26<00:27, 19.09it/s]
Step 479; Cost => 0.0520, acc => 98.0:  48%|████▊     | 483/1000 [00:26<00:27, 19.06it/s]
Step 479; Cost => 0.0520, acc => 98.0:  48%|████▊     | 485/1000 [00:26<00:26, 19.08it/s]
Step 479; Cost => 0.0520, acc => 98.0:  49%|████▊     | 487/1000 [00:26<00:26, 19.04it/s]
Step 479; Cost => 0.0520, acc => 98.0:  49%|████▉     | 489/1000 [00:26<00:26, 19.07it/s]
Step 489; Cost => 0.0911, acc => 98.0:  49%|████▉     | 489/1000 [00:26<00:26, 19.07it/s]
Step 489; Cost => 0.0911, acc => 98.0:  49%|████▉     | 489/1000 [00:26<00:26, 19.07it/s]
Step 489; Cost => 0.0911, acc => 98.0:  49%|████▉     | 491/1000 [00:26<00:26, 18.99it/s]
Step 489; Cost => 0.0911, acc => 98.0:  49%|████▉     | 493/1000 [00:27<00:26, 19.10it/s]
Step 489; Cost => 0.0911, acc => 98.0:  50%|████▉     | 495/1000 [00:27<00:26, 19.11it/s]
Step 489; Cost => 0.0911, acc => 98.0:  50%|████▉     | 497/1000 [00:27<00:26, 19.14it/s]
Step 489; Cost => 0.0911, acc => 98.0:  50%|████▉     | 499/1000 [00:27<00:26, 19.15it/s]
Step 499; Cost => 0.0326, acc => 98.19999694824219:  50%|████▉     | 499/1000 [00:27<00:26, 19.15it/s]
Step 499; Cost => 0.0326, acc => 98.19999694824219:  50%|████▉     | 499/1000 [00:27<00:26, 19.15it/s]
Step 499; Cost => 0.0326, acc => 98.19999694824219:  50%|█████     | 501/1000 [00:27<00:27, 18.43it/s]
Step 499; Cost => 0.0326, acc => 98.19999694824219:  50%|█████     | 503/1000 [00:27<00:26, 18.73it/s]
Step 499; Cost => 0.0326, acc => 98.19999694824219:  50%|█████     | 505/1000 [00:27<00:26, 18.87it/s]
Step 499; Cost => 0.0326, acc => 98.19999694824219:  51%|█████     | 507/1000 [00:27<00:25, 18.97it/s]
Step 499; Cost => 0.0326, acc => 98.19999694824219:  51%|█████     | 509/1000 [00:27<00:25, 19.02it/s]
Step 509; Cost => 0.0196, acc => 98.19999694824219:  51%|█████     | 509/1000 [00:27<00:25, 19.02it/s]
Step 509; Cost => 0.0196, acc => 98.19999694824219:  51%|█████     | 509/1000 [00:27<00:25, 19.02it/s]
Step 509; Cost => 0.0196, acc => 98.19999694824219:  51%|█████     | 511/1000 [00:28<00:25, 19.01it/s]
Step 509; Cost => 0.0196, acc => 98.19999694824219:  51%|█████▏    | 513/1000 [00:28<00:25, 19.03it/s]
Step 509; Cost => 0.0196, acc => 98.19999694824219:  52%|█████▏    | 515/1000 [00:28<00:25, 19.13it/s]
Step 509; Cost => 0.0196, acc => 98.19999694824219:  52%|█████▏    | 517/1000 [00:28<00:25, 19.12it/s]
Step 509; Cost => 0.0196, acc => 98.19999694824219:  52%|█████▏    | 519/1000 [00:28<00:25, 19.17it/s]
Step 519; Cost => 0.0141, acc => 98.19999694824219:  52%|█████▏    | 519/1000 [00:28<00:25, 19.17it/s]
Step 519; Cost => 0.0141, acc => 98.19999694824219:  52%|█████▏    | 519/1000 [00:28<00:25, 19.17it/s]
Step 519; Cost => 0.0141, acc => 98.19999694824219:  52%|█████▏    | 521/1000 [00:28<00:24, 19.19it/s]
Step 519; Cost => 0.0141, acc => 98.19999694824219:  52%|█████▏    | 523/1000 [00:28<00:24, 19.24it/s]
Step 519; Cost => 0.0141, acc => 98.19999694824219:  52%|█████▎    | 525/1000 [00:28<00:24, 19.06it/s]
Step 519; Cost => 0.0141, acc => 98.19999694824219:  53%|█████▎    | 527/1000 [00:28<00:24, 19.08it/s]
Step 519; Cost => 0.0141, acc => 98.19999694824219:  53%|█████▎    | 529/1000 [00:28<00:24, 19.10it/s]
Step 529; Cost => 0.0484, acc => 98.19999694824219:  53%|█████▎    | 529/1000 [00:29<00:24, 19.10it/s]
Step 529; Cost => 0.0484, acc => 98.19999694824219:  53%|█████▎    | 529/1000 [00:29<00:24, 19.10it/s]
Step 529; Cost => 0.0484, acc => 98.19999694824219:  53%|█████▎    | 531/1000 [00:29<00:24, 19.11it/s]
Step 529; Cost => 0.0484, acc => 98.19999694824219:  53%|█████▎    | 533/1000 [00:29<00:24, 19.15it/s]
Step 529; Cost => 0.0484, acc => 98.19999694824219:  54%|█████▎    | 535/1000 [00:29<00:24, 19.16it/s]
Step 529; Cost => 0.0484, acc => 98.19999694824219:  54%|█████▎    | 537/1000 [00:29<00:24, 19.18it/s]
Step 529; Cost => 0.0484, acc => 98.19999694824219:  54%|█████▍    | 539/1000 [00:29<00:23, 19.21it/s]
Step 539; Cost => 0.0353, acc => 98.19999694824219:  54%|█████▍    | 539/1000 [00:29<00:23, 19.21it/s]
Step 539; Cost => 0.0353, acc => 98.19999694824219:  54%|█████▍    | 539/1000 [00:29<00:23, 19.21it/s]
Step 539; Cost => 0.0353, acc => 98.19999694824219:  54%|█████▍    | 541/1000 [00:29<00:23, 19.19it/s]
Step 539; Cost => 0.0353, acc => 98.19999694824219:  54%|█████▍    | 543/1000 [00:29<00:23, 19.21it/s]
Step 539; Cost => 0.0353, acc => 98.19999694824219:  55%|█████▍    | 545/1000 [00:29<00:23, 19.22it/s]
Step 539; Cost => 0.0353, acc => 98.19999694824219:  55%|█████▍    | 547/1000 [00:29<00:23, 19.26it/s]
Step 539; Cost => 0.0353, acc => 98.19999694824219:  55%|█████▍    | 549/1000 [00:29<00:23, 19.27it/s]
Step 549; Cost => 0.0894, acc => 98.19999694824219:  55%|█████▍    | 549/1000 [00:30<00:23, 19.27it/s]
Step 549; Cost => 0.0894, acc => 98.19999694824219:  55%|█████▍    | 549/1000 [00:30<00:23, 19.27it/s]
Step 549; Cost => 0.0894, acc => 98.19999694824219:  55%|█████▌    | 551/1000 [00:30<00:23, 19.19it/s]
Step 549; Cost => 0.0894, acc => 98.19999694824219:  55%|█████▌    | 553/1000 [00:30<00:23, 19.23it/s]
Step 549; Cost => 0.0894, acc => 98.19999694824219:  56%|█████▌    | 555/1000 [00:30<00:23, 18.95it/s]
Step 549; Cost => 0.0894, acc => 98.19999694824219:  56%|█████▌    | 557/1000 [00:30<00:23, 19.12it/s]
Step 549; Cost => 0.0894, acc => 98.19999694824219:  56%|█████▌    | 559/1000 [00:30<00:22, 19.18it/s]
Step 559; Cost => 0.0454, acc => 98.19999694824219:  56%|█████▌    | 559/1000 [00:30<00:22, 19.18it/s]
Step 559; Cost => 0.0454, acc => 98.19999694824219:  56%|█████▌    | 559/1000 [00:30<00:22, 19.18it/s]
Step 559; Cost => 0.0454, acc => 98.19999694824219:  56%|█████▌    | 561/1000 [00:30<00:22, 19.15it/s]
Step 559; Cost => 0.0454, acc => 98.19999694824219:  56%|█████▋    | 563/1000 [00:30<00:22, 19.09it/s]
Step 559; Cost => 0.0454, acc => 98.19999694824219:  56%|█████▋    | 565/1000 [00:30<00:22, 19.15it/s]
Step 559; Cost => 0.0454, acc => 98.19999694824219:  57%|█████▋    | 567/1000 [00:30<00:22, 19.17it/s]
Step 559; Cost => 0.0454, acc => 98.19999694824219:  57%|█████▋    | 569/1000 [00:31<00:22, 19.18it/s]
Step 569; Cost => 0.0603, acc => 98.19999694824219:  57%|█████▋    | 569/1000 [00:31<00:22, 19.18it/s]
Step 569; Cost => 0.0603, acc => 98.19999694824219:  57%|█████▋    | 569/1000 [00:31<00:22, 19.18it/s]
Step 569; Cost => 0.0603, acc => 98.19999694824219:  57%|█████▋    | 571/1000 [00:31<00:22, 18.99it/s]
Step 569; Cost => 0.0603, acc => 98.19999694824219:  57%|█████▋    | 573/1000 [00:31<00:22, 19.05it/s]
Step 569; Cost => 0.0603, acc => 98.19999694824219:  57%|█████▊    | 575/1000 [00:31<00:22, 19.16it/s]
Step 569; Cost => 0.0603, acc => 98.19999694824219:  58%|█████▊    | 577/1000 [00:31<00:22, 19.14it/s]
Step 569; Cost => 0.0603, acc => 98.19999694824219:  58%|█████▊    | 579/1000 [00:31<00:21, 19.17it/s]
Step 579; Cost => 0.0130, acc => 98.19999694824219:  58%|█████▊    | 579/1000 [00:31<00:21, 19.17it/s]
Step 579; Cost => 0.0130, acc => 98.19999694824219:  58%|█████▊    | 579/1000 [00:31<00:21, 19.17it/s]
Step 579; Cost => 0.0130, acc => 98.19999694824219:  58%|█████▊    | 581/1000 [00:31<00:21, 19.18it/s]
Step 579; Cost => 0.0130, acc => 98.19999694824219:  58%|█████▊    | 583/1000 [00:31<00:21, 19.15it/s]
Step 579; Cost => 0.0130, acc => 98.19999694824219:  58%|█████▊    | 585/1000 [00:31<00:21, 19.11it/s]
Step 579; Cost => 0.0130, acc => 98.19999694824219:  59%|█████▊    | 587/1000 [00:31<00:21, 19.21it/s]
Step 579; Cost => 0.0130, acc => 98.19999694824219:  59%|█████▉    | 589/1000 [00:32<00:21, 19.20it/s]
Step 589; Cost => 0.0173, acc => 98.19999694824219:  59%|█████▉    | 589/1000 [00:32<00:21, 19.20it/s]
Step 589; Cost => 0.0173, acc => 98.19999694824219:  59%|█████▉    | 589/1000 [00:32<00:21, 19.20it/s]
Step 589; Cost => 0.0173, acc => 98.19999694824219:  59%|█████▉    | 591/1000 [00:32<00:21, 19.17it/s]
Step 589; Cost => 0.0173, acc => 98.19999694824219:  59%|█████▉    | 593/1000 [00:32<00:21, 19.19it/s]
Step 589; Cost => 0.0173, acc => 98.19999694824219:  60%|█████▉    | 595/1000 [00:32<00:21, 19.08it/s]
Step 589; Cost => 0.0173, acc => 98.19999694824219:  60%|█████▉    | 597/1000 [00:32<00:21, 19.16it/s]
Step 589; Cost => 0.0173, acc => 98.19999694824219:  60%|█████▉    | 599/1000 [00:32<00:20, 19.20it/s]
Step 599; Cost => 0.0214, acc => 97.69999694824219:  60%|█████▉    | 599/1000 [00:32<00:20, 19.20it/s]
Step 599; Cost => 0.0214, acc => 97.69999694824219:  60%|█████▉    | 599/1000 [00:32<00:20, 19.20it/s]
Step 599; Cost => 0.0214, acc => 97.69999694824219:  60%|██████    | 601/1000 [00:32<00:21, 18.42it/s]
Step 599; Cost => 0.0214, acc => 97.69999694824219:  60%|██████    | 603/1000 [00:32<00:21, 18.74it/s]
Step 599; Cost => 0.0214, acc => 97.69999694824219:  60%|██████    | 605/1000 [00:32<00:20, 18.87it/s]
Step 599; Cost => 0.0214, acc => 97.69999694824219:  61%|██████    | 607/1000 [00:33<00:20, 18.90it/s]
Step 599; Cost => 0.0214, acc => 97.69999694824219:  61%|██████    | 609/1000 [00:33<00:20, 18.97it/s]
Step 609; Cost => 0.0470, acc => 97.69999694824219:  61%|██████    | 609/1000 [00:33<00:20, 18.97it/s]
Step 609; Cost => 0.0470, acc => 97.69999694824219:  61%|██████    | 609/1000 [00:33<00:20, 18.97it/s]
Step 609; Cost => 0.0470, acc => 97.69999694824219:  61%|██████    | 611/1000 [00:33<00:20, 19.02it/s]
Step 609; Cost => 0.0470, acc => 97.69999694824219:  61%|██████▏   | 613/1000 [00:33<00:20, 19.13it/s]
Step 609; Cost => 0.0470, acc => 97.69999694824219:  62%|██████▏   | 615/1000 [00:33<00:20, 19.00it/s]
Step 609; Cost => 0.0470, acc => 97.69999694824219:  62%|██████▏   | 617/1000 [00:33<00:20, 19.14it/s]
Step 609; Cost => 0.0470, acc => 97.69999694824219:  62%|██████▏   | 619/1000 [00:33<00:19, 19.17it/s]
Step 619; Cost => 0.0651, acc => 97.69999694824219:  62%|██████▏   | 619/1000 [00:33<00:19, 19.17it/s]
Step 619; Cost => 0.0651, acc => 97.69999694824219:  62%|██████▏   | 619/1000 [00:33<00:19, 19.17it/s]
Step 619; Cost => 0.0651, acc => 97.69999694824219:  62%|██████▏   | 621/1000 [00:33<00:19, 19.17it/s]
Step 619; Cost => 0.0651, acc => 97.69999694824219:  62%|██████▏   | 623/1000 [00:33<00:19, 19.18it/s]
Step 619; Cost => 0.0651, acc => 97.69999694824219:  62%|██████▎   | 625/1000 [00:33<00:19, 19.25it/s]
Step 619; Cost => 0.0651, acc => 97.69999694824219:  63%|██████▎   | 627/1000 [00:34<00:19, 19.20it/s]
Step 619; Cost => 0.0651, acc => 97.69999694824219:  63%|██████▎   | 629/1000 [00:34<00:19, 19.22it/s]
Step 629; Cost => 0.0185, acc => 97.69999694824219:  63%|██████▎   | 629/1000 [00:34<00:19, 19.22it/s]
Step 629; Cost => 0.0185, acc => 97.69999694824219:  63%|██████▎   | 629/1000 [00:34<00:19, 19.22it/s]
Step 629; Cost => 0.0185, acc => 97.69999694824219:  63%|██████▎   | 631/1000 [00:34<00:19, 19.22it/s]
Step 629; Cost => 0.0185, acc => 97.69999694824219:  63%|██████▎   | 633/1000 [00:34<00:19, 19.23it/s]
Step 629; Cost => 0.0185, acc => 97.69999694824219:  64%|██████▎   | 635/1000 [00:34<00:18, 19.22it/s]
Step 629; Cost => 0.0185, acc => 97.69999694824219:  64%|██████▎   | 637/1000 [00:34<00:18, 19.21it/s]
Step 629; Cost => 0.0185, acc => 97.69999694824219:  64%|██████▍   | 639/1000 [00:34<00:18, 19.26it/s]
Step 639; Cost => 0.0682, acc => 97.69999694824219:  64%|██████▍   | 639/1000 [00:34<00:18, 19.26it/s]
Step 639; Cost => 0.0682, acc => 97.69999694824219:  64%|██████▍   | 639/1000 [00:34<00:18, 19.26it/s]
Step 639; Cost => 0.0682, acc => 97.69999694824219:  64%|██████▍   | 641/1000 [00:34<00:18, 19.23it/s]
Step 639; Cost => 0.0682, acc => 97.69999694824219:  64%|██████▍   | 643/1000 [00:34<00:18, 19.22it/s]
Step 639; Cost => 0.0682, acc => 97.69999694824219:  64%|██████▍   | 645/1000 [00:35<00:18, 19.22it/s]
Step 639; Cost => 0.0682, acc => 97.69999694824219:  65%|██████▍   | 647/1000 [00:35<00:18, 19.18it/s]
Step 639; Cost => 0.0682, acc => 97.69999694824219:  65%|██████▍   | 649/1000 [00:35<00:18, 19.13it/s]
Step 649; Cost => 0.0340, acc => 97.69999694824219:  65%|██████▍   | 649/1000 [00:35<00:18, 19.13it/s]
Step 649; Cost => 0.0340, acc => 97.69999694824219:  65%|██████▍   | 649/1000 [00:35<00:18, 19.13it/s]
Step 649; Cost => 0.0340, acc => 97.69999694824219:  65%|██████▌   | 651/1000 [00:35<00:18, 19.06it/s]
Step 649; Cost => 0.0340, acc => 97.69999694824219:  65%|██████▌   | 653/1000 [00:35<00:18, 19.12it/s]
Step 649; Cost => 0.0340, acc => 97.69999694824219:  66%|██████▌   | 655/1000 [00:35<00:18, 19.10it/s]
Step 649; Cost => 0.0340, acc => 97.69999694824219:  66%|██████▌   | 657/1000 [00:35<00:17, 19.13it/s]
Step 649; Cost => 0.0340, acc => 97.69999694824219:  66%|██████▌   | 659/1000 [00:35<00:17, 19.16it/s]
Step 659; Cost => 0.0293, acc => 97.69999694824219:  66%|██████▌   | 659/1000 [00:35<00:17, 19.16it/s]
Step 659; Cost => 0.0293, acc => 97.69999694824219:  66%|██████▌   | 659/1000 [00:35<00:17, 19.16it/s]
Step 659; Cost => 0.0293, acc => 97.69999694824219:  66%|██████▌   | 661/1000 [00:35<00:17, 19.17it/s]
Step 659; Cost => 0.0293, acc => 97.69999694824219:  66%|██████▋   | 663/1000 [00:35<00:17, 19.18it/s]
Step 659; Cost => 0.0293, acc => 97.69999694824219:  66%|██████▋   | 665/1000 [00:36<00:17, 19.04it/s]
Step 659; Cost => 0.0293, acc => 97.69999694824219:  67%|██████▋   | 667/1000 [00:36<00:17, 19.09it/s]
Step 659; Cost => 0.0293, acc => 97.69999694824219:  67%|██████▋   | 669/1000 [00:36<00:17, 19.13it/s]
Step 669; Cost => 0.0341, acc => 97.69999694824219:  67%|██████▋   | 669/1000 [00:36<00:17, 19.13it/s]
Step 669; Cost => 0.0341, acc => 97.69999694824219:  67%|██████▋   | 669/1000 [00:36<00:17, 19.13it/s]
Step 669; Cost => 0.0341, acc => 97.69999694824219:  67%|██████▋   | 671/1000 [00:36<00:17, 19.15it/s]
Step 669; Cost => 0.0341, acc => 97.69999694824219:  67%|██████▋   | 673/1000 [00:36<00:17, 19.15it/s]
Step 669; Cost => 0.0341, acc => 97.69999694824219:  68%|██████▊   | 675/1000 [00:36<00:16, 19.16it/s]
Step 669; Cost => 0.0341, acc => 97.69999694824219:  68%|██████▊   | 677/1000 [00:36<00:16, 19.17it/s]
Step 669; Cost => 0.0341, acc => 97.69999694824219:  68%|██████▊   | 679/1000 [00:36<00:16, 19.17it/s]
Step 679; Cost => 0.0216, acc => 97.69999694824219:  68%|██████▊   | 679/1000 [00:36<00:16, 19.17it/s]
Step 679; Cost => 0.0216, acc => 97.69999694824219:  68%|██████▊   | 679/1000 [00:36<00:16, 19.17it/s]
Step 679; Cost => 0.0216, acc => 97.69999694824219:  68%|██████▊   | 681/1000 [00:36<00:16, 19.17it/s]
Step 679; Cost => 0.0216, acc => 97.69999694824219:  68%|██████▊   | 683/1000 [00:37<00:16, 19.21it/s]
Step 679; Cost => 0.0216, acc => 97.69999694824219:  68%|██████▊   | 685/1000 [00:37<00:16, 19.19it/s]
Step 679; Cost => 0.0216, acc => 97.69999694824219:  69%|██████▊   | 687/1000 [00:37<00:16, 19.19it/s]
Step 679; Cost => 0.0216, acc => 97.69999694824219:  69%|██████▉   | 689/1000 [00:37<00:16, 19.16it/s]
Step 689; Cost => 0.0313, acc => 97.69999694824219:  69%|██████▉   | 689/1000 [00:37<00:16, 19.16it/s]
Step 689; Cost => 0.0313, acc => 97.69999694824219:  69%|██████▉   | 689/1000 [00:37<00:16, 19.16it/s]
Step 689; Cost => 0.0313, acc => 97.69999694824219:  69%|██████▉   | 691/1000 [00:37<00:16, 19.14it/s]
Step 689; Cost => 0.0313, acc => 97.69999694824219:  69%|██████▉   | 693/1000 [00:37<00:16, 19.14it/s]
Step 689; Cost => 0.0313, acc => 97.69999694824219:  70%|██████▉   | 695/1000 [00:37<00:15, 19.19it/s]
Step 689; Cost => 0.0313, acc => 97.69999694824219:  70%|██████▉   | 697/1000 [00:37<00:15, 19.20it/s]
Step 689; Cost => 0.0313, acc => 97.69999694824219:  70%|██████▉   | 699/1000 [00:37<00:15, 19.21it/s]
Step 699; Cost => 0.0145, acc => 98.69999694824219:  70%|██████▉   | 699/1000 [00:37<00:15, 19.21it/s]
Step 699; Cost => 0.0145, acc => 98.69999694824219:  70%|██████▉   | 699/1000 [00:37<00:15, 19.21it/s]
Step 699; Cost => 0.0145, acc => 98.69999694824219:  70%|███████   | 701/1000 [00:37<00:16, 18.41it/s]
Step 699; Cost => 0.0145, acc => 98.69999694824219:  70%|███████   | 703/1000 [00:38<00:15, 18.71it/s]
Step 699; Cost => 0.0145, acc => 98.69999694824219:  70%|███████   | 705/1000 [00:38<00:15, 18.82it/s]
Step 699; Cost => 0.0145, acc => 98.69999694824219:  71%|███████   | 707/1000 [00:38<00:15, 18.94it/s]
Step 699; Cost => 0.0145, acc => 98.69999694824219:  71%|███████   | 709/1000 [00:38<00:15, 19.01it/s]
Step 709; Cost => 0.0618, acc => 98.69999694824219:  71%|███████   | 709/1000 [00:38<00:15, 19.01it/s]
Step 709; Cost => 0.0618, acc => 98.69999694824219:  71%|███████   | 709/1000 [00:38<00:15, 19.01it/s]
Step 709; Cost => 0.0618, acc => 98.69999694824219:  71%|███████   | 711/1000 [00:38<00:15, 19.07it/s]
Step 709; Cost => 0.0618, acc => 98.69999694824219:  71%|███████▏  | 713/1000 [00:38<00:14, 19.15it/s]
Step 709; Cost => 0.0618, acc => 98.69999694824219:  72%|███████▏  | 715/1000 [00:38<00:15, 18.98it/s]
Step 709; Cost => 0.0618, acc => 98.69999694824219:  72%|███████▏  | 717/1000 [00:38<00:14, 19.07it/s]
Step 709; Cost => 0.0618, acc => 98.69999694824219:  72%|███████▏  | 719/1000 [00:38<00:14, 19.08it/s]
Step 719; Cost => 0.0074, acc => 98.69999694824219:  72%|███████▏  | 719/1000 [00:38<00:14, 19.08it/s]
Step 719; Cost => 0.0074, acc => 98.69999694824219:  72%|███████▏  | 719/1000 [00:38<00:14, 19.08it/s]
Step 719; Cost => 0.0074, acc => 98.69999694824219:  72%|███████▏  | 721/1000 [00:38<00:14, 19.11it/s]
Step 719; Cost => 0.0074, acc => 98.69999694824219:  72%|███████▏  | 723/1000 [00:39<00:14, 19.16it/s]
Step 719; Cost => 0.0074, acc => 98.69999694824219:  72%|███████▎  | 725/1000 [00:39<00:14, 19.26it/s]
Step 719; Cost => 0.0074, acc => 98.69999694824219:  73%|███████▎  | 727/1000 [00:39<00:14, 19.23it/s]
Step 719; Cost => 0.0074, acc => 98.69999694824219:  73%|███████▎  | 729/1000 [00:39<00:14, 19.23it/s]
Step 729; Cost => 0.0394, acc => 98.69999694824219:  73%|███████▎  | 729/1000 [00:39<00:14, 19.23it/s]
Step 729; Cost => 0.0394, acc => 98.69999694824219:  73%|███████▎  | 729/1000 [00:39<00:14, 19.23it/s]
Step 729; Cost => 0.0394, acc => 98.69999694824219:  73%|███████▎  | 731/1000 [00:39<00:14, 19.20it/s]
Step 729; Cost => 0.0394, acc => 98.69999694824219:  73%|███████▎  | 733/1000 [00:39<00:13, 19.19it/s]
Step 729; Cost => 0.0394, acc => 98.69999694824219:  74%|███████▎  | 735/1000 [00:39<00:13, 19.22it/s]
Step 729; Cost => 0.0394, acc => 98.69999694824219:  74%|███████▎  | 737/1000 [00:39<00:13, 19.23it/s]
Step 729; Cost => 0.0394, acc => 98.69999694824219:  74%|███████▍  | 739/1000 [00:39<00:13, 19.28it/s]
Step 739; Cost => 0.0204, acc => 98.69999694824219:  74%|███████▍  | 739/1000 [00:39<00:13, 19.28it/s]
Step 739; Cost => 0.0204, acc => 98.69999694824219:  74%|███████▍  | 739/1000 [00:39<00:13, 19.28it/s]
Step 739; Cost => 0.0204, acc => 98.69999694824219:  74%|███████▍  | 741/1000 [00:40<00:13, 19.26it/s]
Step 739; Cost => 0.0204, acc => 98.69999694824219:  74%|███████▍  | 743/1000 [00:40<00:13, 19.28it/s]
Step 739; Cost => 0.0204, acc => 98.69999694824219:  74%|███████▍  | 745/1000 [00:40<00:13, 19.25it/s]
Step 739; Cost => 0.0204, acc => 98.69999694824219:  75%|███████▍  | 747/1000 [00:40<00:13, 19.18it/s]
Step 739; Cost => 0.0204, acc => 98.69999694824219:  75%|███████▍  | 749/1000 [00:40<00:13, 19.18it/s]
Step 749; Cost => 0.0422, acc => 98.69999694824219:  75%|███████▍  | 749/1000 [00:40<00:13, 19.18it/s]
Step 749; Cost => 0.0422, acc => 98.69999694824219:  75%|███████▍  | 749/1000 [00:40<00:13, 19.18it/s]
Step 749; Cost => 0.0422, acc => 98.69999694824219:  75%|███████▌  | 751/1000 [00:40<00:12, 19.19it/s]
Step 749; Cost => 0.0422, acc => 98.69999694824219:  75%|███████▌  | 753/1000 [00:40<00:12, 19.20it/s]
Step 749; Cost => 0.0422, acc => 98.69999694824219:  76%|███████▌  | 755/1000 [00:40<00:12, 18.94it/s]
Step 749; Cost => 0.0422, acc => 98.69999694824219:  76%|███████▌  | 757/1000 [00:40<00:12, 19.01it/s]
Step 749; Cost => 0.0422, acc => 98.69999694824219:  76%|███████▌  | 759/1000 [00:40<00:12, 19.14it/s]
Step 759; Cost => 0.0046, acc => 98.69999694824219:  76%|███████▌  | 759/1000 [00:41<00:12, 19.14it/s]
Step 759; Cost => 0.0046, acc => 98.69999694824219:  76%|███████▌  | 759/1000 [00:41<00:12, 19.14it/s]
Step 759; Cost => 0.0046, acc => 98.69999694824219:  76%|███████▌  | 761/1000 [00:41<00:12, 19.15it/s]
Step 759; Cost => 0.0046, acc => 98.69999694824219:  76%|███████▋  | 763/1000 [00:41<00:12, 19.14it/s]
Step 759; Cost => 0.0046, acc => 98.69999694824219:  76%|███████▋  | 765/1000 [00:41<00:12, 19.17it/s]
Step 759; Cost => 0.0046, acc => 98.69999694824219:  77%|███████▋  | 767/1000 [00:41<00:12, 19.19it/s]
Step 759; Cost => 0.0046, acc => 98.69999694824219:  77%|███████▋  | 769/1000 [00:41<00:12, 19.19it/s]
Step 769; Cost => 0.0297, acc => 98.69999694824219:  77%|███████▋  | 769/1000 [00:41<00:12, 19.19it/s]
Step 769; Cost => 0.0297, acc => 98.69999694824219:  77%|███████▋  | 769/1000 [00:41<00:12, 19.19it/s]
Step 769; Cost => 0.0297, acc => 98.69999694824219:  77%|███████▋  | 771/1000 [00:41<00:11, 19.22it/s]
Step 769; Cost => 0.0297, acc => 98.69999694824219:  77%|███████▋  | 773/1000 [00:41<00:11, 19.25it/s]
Step 769; Cost => 0.0297, acc => 98.69999694824219:  78%|███████▊  | 775/1000 [00:41<00:11, 19.26it/s]
Step 769; Cost => 0.0297, acc => 98.69999694824219:  78%|███████▊  | 777/1000 [00:41<00:11, 19.25it/s]
Step 769; Cost => 0.0297, acc => 98.69999694824219:  78%|███████▊  | 779/1000 [00:42<00:11, 19.25it/s]
Step 779; Cost => 0.0238, acc => 98.69999694824219:  78%|███████▊  | 779/1000 [00:42<00:11, 19.25it/s]
Step 779; Cost => 0.0238, acc => 98.69999694824219:  78%|███████▊  | 779/1000 [00:42<00:11, 19.25it/s]
Step 779; Cost => 0.0238, acc => 98.69999694824219:  78%|███████▊  | 781/1000 [00:42<00:11, 19.23it/s]
Step 779; Cost => 0.0238, acc => 98.69999694824219:  78%|███████▊  | 783/1000 [00:42<00:11, 19.17it/s]
Step 779; Cost => 0.0238, acc => 98.69999694824219:  78%|███████▊  | 785/1000 [00:42<00:11, 19.19it/s]
Step 779; Cost => 0.0238, acc => 98.69999694824219:  79%|███████▊  | 787/1000 [00:42<00:11, 19.21it/s]
Step 779; Cost => 0.0238, acc => 98.69999694824219:  79%|███████▉  | 789/1000 [00:42<00:10, 19.22it/s]
Step 789; Cost => 0.0341, acc => 98.69999694824219:  79%|███████▉  | 789/1000 [00:42<00:10, 19.22it/s]
Step 789; Cost => 0.0341, acc => 98.69999694824219:  79%|███████▉  | 789/1000 [00:42<00:10, 19.22it/s]
Step 789; Cost => 0.0341, acc => 98.69999694824219:  79%|███████▉  | 791/1000 [00:42<00:10, 19.21it/s]
Step 789; Cost => 0.0341, acc => 98.69999694824219:  79%|███████▉  | 793/1000 [00:42<00:10, 19.23it/s]
Step 789; Cost => 0.0341, acc => 98.69999694824219:  80%|███████▉  | 795/1000 [00:42<00:10, 19.11it/s]
Step 789; Cost => 0.0341, acc => 98.69999694824219:  80%|███████▉  | 797/1000 [00:42<00:10, 19.15it/s]
Step 789; Cost => 0.0341, acc => 98.69999694824219:  80%|███████▉  | 799/1000 [00:43<00:10, 19.21it/s]
Step 799; Cost => 0.0372, acc => 97.89999389648438:  80%|███████▉  | 799/1000 [00:43<00:10, 19.21it/s]
Step 799; Cost => 0.0372, acc => 97.89999389648438:  80%|███████▉  | 799/1000 [00:43<00:10, 19.21it/s]
Step 799; Cost => 0.0372, acc => 97.89999389648438:  80%|████████  | 801/1000 [00:43<00:10, 18.43it/s]
Step 799; Cost => 0.0372, acc => 97.89999389648438:  80%|████████  | 803/1000 [00:43<00:10, 18.76it/s]
Step 799; Cost => 0.0372, acc => 97.89999389648438:  80%|████████  | 805/1000 [00:43<00:10, 18.91it/s]
Step 799; Cost => 0.0372, acc => 97.89999389648438:  81%|████████  | 807/1000 [00:43<00:10, 19.01it/s]
Step 799; Cost => 0.0372, acc => 97.89999389648438:  81%|████████  | 809/1000 [00:43<00:10, 19.09it/s]
Step 809; Cost => 0.0487, acc => 97.89999389648438:  81%|████████  | 809/1000 [00:43<00:10, 19.09it/s]
Step 809; Cost => 0.0487, acc => 97.89999389648438:  81%|████████  | 809/1000 [00:43<00:10, 19.09it/s]
Step 809; Cost => 0.0487, acc => 97.89999389648438:  81%|████████  | 811/1000 [00:43<00:09, 19.12it/s]
Step 809; Cost => 0.0487, acc => 97.89999389648438:  81%|████████▏ | 813/1000 [00:43<00:09, 19.15it/s]
Step 809; Cost => 0.0487, acc => 97.89999389648438:  82%|████████▏ | 815/1000 [00:43<00:09, 19.17it/s]
Step 809; Cost => 0.0487, acc => 97.89999389648438:  82%|████████▏ | 817/1000 [00:44<00:09, 19.19it/s]
Step 809; Cost => 0.0487, acc => 97.89999389648438:  82%|████████▏ | 819/1000 [00:44<00:09, 19.20it/s]
Step 819; Cost => 0.0313, acc => 97.89999389648438:  82%|████████▏ | 819/1000 [00:44<00:09, 19.20it/s]
Step 819; Cost => 0.0313, acc => 97.89999389648438:  82%|████████▏ | 819/1000 [00:44<00:09, 19.20it/s]
Step 819; Cost => 0.0313, acc => 97.89999389648438:  82%|████████▏ | 821/1000 [00:44<00:09, 19.22it/s]
Step 819; Cost => 0.0313, acc => 97.89999389648438:  82%|████████▏ | 823/1000 [00:44<00:09, 19.24it/s]
Step 819; Cost => 0.0313, acc => 97.89999389648438:  82%|████████▎ | 825/1000 [00:44<00:09, 19.25it/s]
Step 819; Cost => 0.0313, acc => 97.89999389648438:  83%|████████▎ | 827/1000 [00:44<00:09, 19.21it/s]
Step 819; Cost => 0.0313, acc => 97.89999389648438:  83%|████████▎ | 829/1000 [00:44<00:08, 19.25it/s]
Step 829; Cost => 0.0337, acc => 97.89999389648438:  83%|████████▎ | 829/1000 [00:44<00:08, 19.25it/s]
Step 829; Cost => 0.0337, acc => 97.89999389648438:  83%|████████▎ | 829/1000 [00:44<00:08, 19.25it/s]
Step 829; Cost => 0.0337, acc => 97.89999389648438:  83%|████████▎ | 831/1000 [00:44<00:08, 19.25it/s]
Step 829; Cost => 0.0337, acc => 97.89999389648438:  83%|████████▎ | 833/1000 [00:44<00:08, 19.05it/s]
Step 829; Cost => 0.0337, acc => 97.89999389648438:  84%|████████▎ | 835/1000 [00:44<00:08, 19.15it/s]
Step 829; Cost => 0.0337, acc => 97.89999389648438:  84%|████████▎ | 837/1000 [00:45<00:08, 19.18it/s]
Step 829; Cost => 0.0337, acc => 97.89999389648438:  84%|████████▍ | 839/1000 [00:45<00:08, 19.26it/s]
Step 839; Cost => 0.0583, acc => 97.89999389648438:  84%|████████▍ | 839/1000 [00:45<00:08, 19.26it/s]
Step 839; Cost => 0.0583, acc => 97.89999389648438:  84%|████████▍ | 839/1000 [00:45<00:08, 19.26it/s]
Step 839; Cost => 0.0583, acc => 97.89999389648438:  84%|████████▍ | 841/1000 [00:45<00:08, 19.19it/s]
Step 839; Cost => 0.0583, acc => 97.89999389648438:  84%|████████▍ | 843/1000 [00:45<00:08, 19.18it/s]
Step 839; Cost => 0.0583, acc => 97.89999389648438:  84%|████████▍ | 845/1000 [00:45<00:08, 19.22it/s]
Step 839; Cost => 0.0583, acc => 97.89999389648438:  85%|████████▍ | 847/1000 [00:45<00:08, 19.11it/s]
Step 839; Cost => 0.0583, acc => 97.89999389648438:  85%|████████▍ | 849/1000 [00:45<00:07, 19.21it/s]
Step 849; Cost => 0.0055, acc => 97.89999389648438:  85%|████████▍ | 849/1000 [00:45<00:07, 19.21it/s]
Step 849; Cost => 0.0055, acc => 97.89999389648438:  85%|████████▍ | 849/1000 [00:45<00:07, 19.21it/s]
Step 849; Cost => 0.0055, acc => 97.89999389648438:  85%|████████▌ | 851/1000 [00:45<00:07, 19.20it/s]
Step 849; Cost => 0.0055, acc => 97.89999389648438:  85%|████████▌ | 853/1000 [00:45<00:07, 19.22it/s]
Step 849; Cost => 0.0055, acc => 97.89999389648438:  86%|████████▌ | 855/1000 [00:45<00:07, 19.22it/s]
Step 849; Cost => 0.0055, acc => 97.89999389648438:  86%|████████▌ | 857/1000 [00:46<00:07, 19.26it/s]
Step 849; Cost => 0.0055, acc => 97.89999389648438:  86%|████████▌ | 859/1000 [00:46<00:07, 19.28it/s]
Step 859; Cost => 0.0199, acc => 97.89999389648438:  86%|████████▌ | 859/1000 [00:46<00:07, 19.28it/s]
Step 859; Cost => 0.0199, acc => 97.89999389648438:  86%|████████▌ | 859/1000 [00:46<00:07, 19.28it/s]
Step 859; Cost => 0.0199, acc => 97.89999389648438:  86%|████████▌ | 861/1000 [00:46<00:07, 18.80it/s]
Step 859; Cost => 0.0199, acc => 97.89999389648438:  86%|████████▋ | 863/1000 [00:46<00:07, 18.96it/s]
Step 859; Cost => 0.0199, acc => 97.89999389648438:  86%|████████▋ | 865/1000 [00:46<00:07, 19.04it/s]
Step 859; Cost => 0.0199, acc => 97.89999389648438:  87%|████████▋ | 867/1000 [00:46<00:06, 19.13it/s]
Step 859; Cost => 0.0199, acc => 97.89999389648438:  87%|████████▋ | 869/1000 [00:46<00:06, 19.16it/s]
Step 869; Cost => 0.0171, acc => 97.89999389648438:  87%|████████▋ | 869/1000 [00:46<00:06, 19.16it/s]
Step 869; Cost => 0.0171, acc => 97.89999389648438:  87%|████████▋ | 869/1000 [00:46<00:06, 19.16it/s]
Step 869; Cost => 0.0171, acc => 97.89999389648438:  87%|████████▋ | 871/1000 [00:46<00:06, 19.06it/s]
Step 869; Cost => 0.0171, acc => 97.89999389648438:  87%|████████▋ | 873/1000 [00:46<00:06, 19.11it/s]
Step 869; Cost => 0.0171, acc => 97.89999389648438:  88%|████████▊ | 875/1000 [00:47<00:06, 19.11it/s]
Step 869; Cost => 0.0171, acc => 97.89999389648438:  88%|████████▊ | 877/1000 [00:47<00:06, 19.13it/s]
Step 869; Cost => 0.0171, acc => 97.89999389648438:  88%|████████▊ | 879/1000 [00:47<00:06, 19.17it/s]
Step 879; Cost => 0.0283, acc => 97.89999389648438:  88%|████████▊ | 879/1000 [00:47<00:06, 19.17it/s]
Step 879; Cost => 0.0283, acc => 97.89999389648438:  88%|████████▊ | 879/1000 [00:47<00:06, 19.17it/s]
Step 879; Cost => 0.0283, acc => 97.89999389648438:  88%|████████▊ | 881/1000 [00:47<00:06, 19.13it/s]
Step 879; Cost => 0.0283, acc => 97.89999389648438:  88%|████████▊ | 883/1000 [00:47<00:06, 19.15it/s]
Step 879; Cost => 0.0283, acc => 97.89999389648438:  88%|████████▊ | 885/1000 [00:47<00:05, 19.20it/s]
Step 879; Cost => 0.0283, acc => 97.89999389648438:  89%|████████▊ | 887/1000 [00:47<00:05, 19.19it/s]
Step 879; Cost => 0.0283, acc => 97.89999389648438:  89%|████████▉ | 889/1000 [00:47<00:05, 19.16it/s]
Step 889; Cost => 0.0291, acc => 97.89999389648438:  89%|████████▉ | 889/1000 [00:47<00:05, 19.16it/s]
Step 889; Cost => 0.0291, acc => 97.89999389648438:  89%|████████▉ | 889/1000 [00:47<00:05, 19.16it/s]
Step 889; Cost => 0.0291, acc => 97.89999389648438:  89%|████████▉ | 891/1000 [00:47<00:05, 19.17it/s]
Step 889; Cost => 0.0291, acc => 97.89999389648438:  89%|████████▉ | 893/1000 [00:47<00:05, 19.20it/s]
Step 889; Cost => 0.0291, acc => 97.89999389648438:  90%|████████▉ | 895/1000 [00:48<00:05, 19.22it/s]
Step 889; Cost => 0.0291, acc => 97.89999389648438:  90%|████████▉ | 897/1000 [00:48<00:05, 19.21it/s]
Step 889; Cost => 0.0291, acc => 97.89999389648438:  90%|████████▉ | 899/1000 [00:48<00:05, 19.21it/s]
Step 899; Cost => 0.0174, acc => 98.5:  90%|████████▉ | 899/1000 [00:48<00:05, 19.21it/s]             
Step 899; Cost => 0.0174, acc => 98.5:  90%|████████▉ | 899/1000 [00:48<00:05, 19.21it/s]
Step 899; Cost => 0.0174, acc => 98.5:  90%|█████████ | 901/1000 [00:48<00:05, 18.48it/s]
Step 899; Cost => 0.0174, acc => 98.5:  90%|█████████ | 903/1000 [00:48<00:05, 18.79it/s]
Step 899; Cost => 0.0174, acc => 98.5:  90%|█████████ | 905/1000 [00:48<00:05, 18.93it/s]
Step 899; Cost => 0.0174, acc => 98.5:  91%|█████████ | 907/1000 [00:48<00:04, 18.81it/s]
Step 899; Cost => 0.0174, acc => 98.5:  91%|█████████ | 909/1000 [00:48<00:04, 18.92it/s]
Step 909; Cost => 0.0172, acc => 98.5:  91%|█████████ | 909/1000 [00:48<00:04, 18.92it/s]
Step 909; Cost => 0.0172, acc => 98.5:  91%|█████████ | 909/1000 [00:48<00:04, 18.92it/s]
Step 909; Cost => 0.0172, acc => 98.5:  91%|█████████ | 911/1000 [00:48<00:04, 19.02it/s]
Step 909; Cost => 0.0172, acc => 98.5:  91%|█████████▏| 913/1000 [00:49<00:04, 19.05it/s]
Step 909; Cost => 0.0172, acc => 98.5:  92%|█████████▏| 915/1000 [00:49<00:04, 19.08it/s]
Step 909; Cost => 0.0172, acc => 98.5:  92%|█████████▏| 917/1000 [00:49<00:04, 19.12it/s]
Step 909; Cost => 0.0172, acc => 98.5:  92%|█████████▏| 919/1000 [00:49<00:04, 19.17it/s]
Step 919; Cost => 0.0133, acc => 98.5:  92%|█████████▏| 919/1000 [00:49<00:04, 19.17it/s]
Step 919; Cost => 0.0133, acc => 98.5:  92%|█████████▏| 919/1000 [00:49<00:04, 19.17it/s]
Step 919; Cost => 0.0133, acc => 98.5:  92%|█████████▏| 921/1000 [00:49<00:04, 19.16it/s]
Step 919; Cost => 0.0133, acc => 98.5:  92%|█████████▏| 923/1000 [00:49<00:04, 19.03it/s]
Step 919; Cost => 0.0133, acc => 98.5:  92%|█████████▎| 925/1000 [00:49<00:03, 19.06it/s]
Step 919; Cost => 0.0133, acc => 98.5:  93%|█████████▎| 927/1000 [00:49<00:03, 19.10it/s]
Step 919; Cost => 0.0133, acc => 98.5:  93%|█████████▎| 929/1000 [00:49<00:03, 19.13it/s]
Step 929; Cost => 0.0109, acc => 98.5:  93%|█████████▎| 929/1000 [00:49<00:03, 19.13it/s]
Step 929; Cost => 0.0109, acc => 98.5:  93%|█████████▎| 929/1000 [00:49<00:03, 19.13it/s]
Step 929; Cost => 0.0109, acc => 98.5:  93%|█████████▎| 931/1000 [00:49<00:03, 19.15it/s]
Step 929; Cost => 0.0109, acc => 98.5:  93%|█████████▎| 933/1000 [00:50<00:03, 19.17it/s]
Step 929; Cost => 0.0109, acc => 98.5:  94%|█████████▎| 935/1000 [00:50<00:03, 19.20it/s]
Step 929; Cost => 0.0109, acc => 98.5:  94%|█████████▎| 937/1000 [00:50<00:03, 19.11it/s]
Step 929; Cost => 0.0109, acc => 98.5:  94%|█████████▍| 939/1000 [00:50<00:03, 19.13it/s]
Step 939; Cost => 0.0024, acc => 98.5:  94%|█████████▍| 939/1000 [00:50<00:03, 19.13it/s]
Step 939; Cost => 0.0024, acc => 98.5:  94%|█████████▍| 939/1000 [00:50<00:03, 19.13it/s]
Step 939; Cost => 0.0024, acc => 98.5:  94%|█████████▍| 941/1000 [00:50<00:03, 19.18it/s]
Step 939; Cost => 0.0024, acc => 98.5:  94%|█████████▍| 943/1000 [00:50<00:02, 19.03it/s]
Step 939; Cost => 0.0024, acc => 98.5:  94%|█████████▍| 945/1000 [00:50<00:02, 19.10it/s]
Step 939; Cost => 0.0024, acc => 98.5:  95%|█████████▍| 947/1000 [00:50<00:02, 19.13it/s]
Step 939; Cost => 0.0024, acc => 98.5:  95%|█████████▍| 949/1000 [00:50<00:02, 19.07it/s]
Step 949; Cost => 0.0078, acc => 98.5:  95%|█████████▍| 949/1000 [00:50<00:02, 19.07it/s]
Step 949; Cost => 0.0078, acc => 98.5:  95%|█████████▍| 949/1000 [00:50<00:02, 19.07it/s]
Step 949; Cost => 0.0078, acc => 98.5:  95%|█████████▌| 951/1000 [00:51<00:02, 19.10it/s]
Step 949; Cost => 0.0078, acc => 98.5:  95%|█████████▌| 953/1000 [00:51<00:02, 19.15it/s]
Step 949; Cost => 0.0078, acc => 98.5:  96%|█████████▌| 955/1000 [00:51<00:02, 19.16it/s]
Step 949; Cost => 0.0078, acc => 98.5:  96%|█████████▌| 957/1000 [00:51<00:02, 19.18it/s]
Step 949; Cost => 0.0078, acc => 98.5:  96%|█████████▌| 959/1000 [00:51<00:02, 19.18it/s]
Step 959; Cost => 0.0200, acc => 98.5:  96%|█████████▌| 959/1000 [00:51<00:02, 19.18it/s]
Step 959; Cost => 0.0200, acc => 98.5:  96%|█████████▌| 959/1000 [00:51<00:02, 19.18it/s]
Step 959; Cost => 0.0200, acc => 98.5:  96%|█████████▌| 961/1000 [00:51<00:02, 19.20it/s]
Step 959; Cost => 0.0200, acc => 98.5:  96%|█████████▋| 963/1000 [00:51<00:01, 19.24it/s]
Step 959; Cost => 0.0200, acc => 98.5:  96%|█████████▋| 965/1000 [00:51<00:01, 19.24it/s]
Step 959; Cost => 0.0200, acc => 98.5:  97%|█████████▋| 967/1000 [00:51<00:01, 19.22it/s]
Step 959; Cost => 0.0200, acc => 98.5:  97%|█████████▋| 969/1000 [00:51<00:01, 19.16it/s]
Step 969; Cost => 0.0074, acc => 98.5:  97%|█████████▋| 969/1000 [00:52<00:01, 19.16it/s]
Step 969; Cost => 0.0074, acc => 98.5:  97%|█████████▋| 969/1000 [00:52<00:01, 19.16it/s]
Step 969; Cost => 0.0074, acc => 98.5:  97%|█████████▋| 971/1000 [00:52<00:01, 19.14it/s]
Step 969; Cost => 0.0074, acc => 98.5:  97%|█████████▋| 973/1000 [00:52<00:01, 19.17it/s]
Step 969; Cost => 0.0074, acc => 98.5:  98%|█████████▊| 975/1000 [00:52<00:01, 19.19it/s]
Step 969; Cost => 0.0074, acc => 98.5:  98%|█████████▊| 977/1000 [00:52<00:01, 19.17it/s]
Step 969; Cost => 0.0074, acc => 98.5:  98%|█████████▊| 979/1000 [00:52<00:01, 18.93it/s]
Step 979; Cost => 0.0136, acc => 98.5:  98%|█████████▊| 979/1000 [00:52<00:01, 18.93it/s]
Step 979; Cost => 0.0136, acc => 98.5:  98%|█████████▊| 979/1000 [00:52<00:01, 18.93it/s]
Step 979; Cost => 0.0136, acc => 98.5:  98%|█████████▊| 981/1000 [00:52<00:01, 18.92it/s]
Step 979; Cost => 0.0136, acc => 98.5:  98%|█████████▊| 983/1000 [00:52<00:00, 18.89it/s]
Step 979; Cost => 0.0136, acc => 98.5:  98%|█████████▊| 985/1000 [00:52<00:00, 18.96it/s]
Step 979; Cost => 0.0136, acc => 98.5:  99%|█████████▊| 987/1000 [00:52<00:00, 19.02it/s]
Step 979; Cost => 0.0136, acc => 98.5:  99%|█████████▉| 989/1000 [00:53<00:00, 19.09it/s]
Step 989; Cost => 0.0454, acc => 98.5:  99%|█████████▉| 989/1000 [00:53<00:00, 19.09it/s]
Step 989; Cost => 0.0454, acc => 98.5:  99%|█████████▉| 989/1000 [00:53<00:00, 19.09it/s]
Step 989; Cost => 0.0454, acc => 98.5:  99%|█████████▉| 991/1000 [00:53<00:00, 19.13it/s]
Step 989; Cost => 0.0454, acc => 98.5:  99%|█████████▉| 993/1000 [00:53<00:00, 19.21it/s]
Step 989; Cost => 0.0454, acc => 98.5: 100%|█████████▉| 995/1000 [00:53<00:00, 19.19it/s]
Step 989; Cost => 0.0454, acc => 98.5: 100%|█████████▉| 997/1000 [00:53<00:00, 19.23it/s]
Step 989; Cost => 0.0454, acc => 98.5: 100%|█████████▉| 999/1000 [00:53<00:00, 19.26it/s]
Step 999; Cost => 0.0258, acc => 98.9000015258789: 100%|█████████▉| 999/1000 [00:53<00:00, 19.26it/s]
Step 999; Cost => 0.0258, acc => 98.9000015258789: 100%|█████████▉| 999/1000 [00:53<00:00, 19.26it/s]
Step 999; Cost => 0.0258, acc => 98.9000015258789: 100%|██████████| 1000/1000 [00:53<00:00, 18.66it/s]
Accuracy: 98.58999633789062%